{"/home/ubuntu/workspace/src/libs/bannedWords.js":{"path":"/home/ubuntu/workspace/src/libs/bannedWords.js","statementMap":{"0":{"start":{"line":3,"column":0},"end":{"line":5,"column":3}},"1":{"start":{"line":7,"column":21},"end":{"line":7,"column":48}},"2":{"start":{"line":9,"column":14},"end":{"line":9,"column":53}},"3":{"start":{"line":11,"column":40},"end":{"line":11,"column":267}},"4":{"start":{"line":11,"column":69},"end":{"line":11,"column":80}},"5":{"start":{"line":11,"column":103},"end":{"line":11,"column":105}},"6":{"start":{"line":11,"column":107},"end":{"line":11,"column":228}},"7":{"start":{"line":11,"column":126},"end":{"line":11,"column":226}},"8":{"start":{"line":11,"column":149},"end":{"line":11,"column":224}},"9":{"start":{"line":11,"column":201},"end":{"line":11,"column":224}},"10":{"start":{"line":11,"column":229},"end":{"line":11,"column":250}},"11":{"start":{"line":11,"column":251},"end":{"line":11,"column":265}},"12":{"start":{"line":18,"column":15},"end":{"line":18,"column":19}},"13":{"start":{"line":20,"column":2},"end":{"line":22,"column":3}},"14":{"start":{"line":21,"column":4},"end":{"line":21,"column":104}},"15":{"start":{"line":24,"column":2},"end":{"line":24,"column":16}},"16":{"start":{"line":36,"column":22},"end":{"line":36,"column":95}},"17":{"start":{"line":37,"column":23},"end":{"line":37,"column":93}},"18":{"start":{"line":39,"column":26},"end":{"line":39,"column":52}},"19":{"start":{"line":42,"column":2},"end":{"line":44,"column":3}},"20":{"start":{"line":43,"column":4},"end":{"line":43,"column":26}},"21":{"start":{"line":47,"column":17},"end":{"line":47,"column":31}},"22":{"start":{"line":50,"column":2},"end":{"line":53,"column":5}},"23":{"start":{"line":51,"column":13},"end":{"line":51,"column":51}},"24":{"start":{"line":52,"column":4},"end":{"line":52,"column":64}},"25":{"start":{"line":55,"column":2},"end":{"line":55,"column":18}},"26":{"start":{"line":68,"column":23},"end":{"line":68,"column":29}},"27":{"start":{"line":70,"column":2},"end":{"line":72,"column":3}},"28":{"start":{"line":71,"column":4},"end":{"line":71,"column":50}},"29":{"start":{"line":73,"column":2},"end":{"line":75,"column":3}},"30":{"start":{"line":74,"column":4},"end":{"line":74,"column":32}},"31":{"start":{"line":77,"column":20},"end":{"line":77,"column":85}},"32":{"start":{"line":78,"column":2},"end":{"line":78,"column":92}},"33":{"start":{"line":80,"column":2},"end":{"line":80,"column":51}},"34":{"start":{"line":83,"column":0},"end":{"line":83,"column":23}}},"fnMap":{"0":{"name":"_interopRequireWildcard","decl":{"start":{"line":11,"column":9},"end":{"line":11,"column":32}},"loc":{"start":{"line":11,"column":38},"end":{"line":11,"column":269}},"line":11},"1":{"name":"outputString","decl":{"start":{"line":17,"column":9},"end":{"line":17,"column":21}},"loc":{"start":{"line":17,"column":35},"end":{"line":25,"column":1}},"line":17},"2":{"name":"scanForBannedWords","decl":{"start":{"line":35,"column":9},"end":{"line":35,"column":27}},"loc":{"start":{"line":35,"column":43},"end":{"line":56,"column":1}},"line":35},"3":{"name":"(anonymous_3)","decl":{"start":{"line":50,"column":19},"end":{"line":50,"column":20}},"loc":{"start":{"line":50,"column":38},"end":{"line":53,"column":3}},"line":50},"4":{"name":"find","decl":{"start":{"line":67,"column":9},"end":{"line":67,"column":13}},"loc":{"start":{"line":67,"column":58},"end":{"line":81,"column":1}},"line":67}},"branchMap":{"0":{"loc":{"start":{"line":11,"column":40},"end":{"line":11,"column":267}},"type":"if","locations":[{"start":{"line":11,"column":40},"end":{"line":11,"column":267}},{"start":{"line":11,"column":40},"end":{"line":11,"column":267}}],"line":11},"1":{"loc":{"start":{"line":11,"column":44},"end":{"line":11,"column":65}},"type":"binary-expr","locations":[{"start":{"line":11,"column":44},"end":{"line":11,"column":47}},{"start":{"line":11,"column":51},"end":{"line":11,"column":65}}],"line":11},"2":{"loc":{"start":{"line":11,"column":107},"end":{"line":11,"column":228}},"type":"if","locations":[{"start":{"line":11,"column":107},"end":{"line":11,"column":228}},{"start":{"line":11,"column":107},"end":{"line":11,"column":228}}],"line":11},"3":{"loc":{"start":{"line":11,"column":149},"end":{"line":11,"column":224}},"type":"if","locations":[{"start":{"line":11,"column":149},"end":{"line":11,"column":224}},{"start":{"line":11,"column":149},"end":{"line":11,"column":224}}],"line":11},"4":{"loc":{"start":{"line":20,"column":2},"end":{"line":22,"column":3}},"type":"if","locations":[{"start":{"line":20,"column":2},"end":{"line":22,"column":3}},{"start":{"line":20,"column":2},"end":{"line":22,"column":3}}],"line":20},"5":{"loc":{"start":{"line":36,"column":22},"end":{"line":36,"column":95}},"type":"cond-expr","locations":[{"start":{"line":36,"column":75},"end":{"line":36,"column":87}},{"start":{"line":36,"column":90},"end":{"line":36,"column":95}}],"line":36},"6":{"loc":{"start":{"line":36,"column":22},"end":{"line":36,"column":72}},"type":"binary-expr","locations":[{"start":{"line":36,"column":22},"end":{"line":36,"column":42}},{"start":{"line":36,"column":46},"end":{"line":36,"column":72}}],"line":36},"7":{"loc":{"start":{"line":37,"column":23},"end":{"line":37,"column":93}},"type":"cond-expr","locations":[{"start":{"line":37,"column":76},"end":{"line":37,"column":88}},{"start":{"line":37,"column":91},"end":{"line":37,"column":93}}],"line":37},"8":{"loc":{"start":{"line":37,"column":23},"end":{"line":37,"column":73}},"type":"binary-expr","locations":[{"start":{"line":37,"column":23},"end":{"line":37,"column":43}},{"start":{"line":37,"column":47},"end":{"line":37,"column":73}}],"line":37},"9":{"loc":{"start":{"line":39,"column":26},"end":{"line":39,"column":52}},"type":"cond-expr","locations":[{"start":{"line":39,"column":42},"end":{"line":39,"column":45}},{"start":{"line":39,"column":48},"end":{"line":39,"column":52}}],"line":39},"10":{"loc":{"start":{"line":42,"column":2},"end":{"line":44,"column":3}},"type":"if","locations":[{"start":{"line":42,"column":2},"end":{"line":44,"column":3}},{"start":{"line":42,"column":2},"end":{"line":44,"column":3}}],"line":42},"11":{"loc":{"start":{"line":42,"column":6},"end":{"line":42,"column":49}},"type":"binary-expr","locations":[{"start":{"line":42,"column":6},"end":{"line":42,"column":15}},{"start":{"line":42,"column":19},"end":{"line":42,"column":49}}],"line":42},"12":{"loc":{"start":{"line":70,"column":2},"end":{"line":72,"column":3}},"type":"if","locations":[{"start":{"line":70,"column":2},"end":{"line":72,"column":3}},{"start":{"line":70,"column":2},"end":{"line":72,"column":3}}],"line":70},"13":{"loc":{"start":{"line":73,"column":2},"end":{"line":75,"column":3}},"type":"if","locations":[{"start":{"line":73,"column":2},"end":{"line":75,"column":3}},{"start":{"line":73,"column":2},"end":{"line":75,"column":3}}],"line":73}},"s":{"0":1,"1":1,"2":1,"3":1,"4":1,"5":0,"6":0,"7":0,"8":0,"9":0,"10":0,"11":0,"12":14,"13":14,"14":3,"15":14,"16":28,"17":28,"18":28,"19":28,"20":2,"21":26,"22":26,"23":8,"24":8,"25":26,"26":15,"27":15,"28":14,"29":15,"30":1,"31":14,"32":14,"33":14,"34":1},"f":{"0":1,"1":14,"2":28,"3":8,"4":15},"b":{"0":[1,0],"1":[1,1],"2":[0,0],"3":[0,0],"4":[3,11],"5":[28,0],"6":[28,28],"7":[14,14],"8":[28,14],"9":[14,14],"10":[2,26],"11":[28,26],"12":[14,1],"13":[1,14]},"_coverageSchema":"332fd63041d2c1bcb487cc26dd0d5f7d97098a6c","hash":"bee9abd727025a24ed6b172f492d8c76e1acf9f1","contentHash":"26b28b2f5e7d9edfa7c9d7da90b93fbc_11.4.1"},"/home/ubuntu/workspace/src/libs/lib-generaluse.js":{"path":"/home/ubuntu/workspace/src/libs/lib-generaluse.js","statementMap":{"0":{"start":{"line":3,"column":0},"end":{"line":5,"column":3}},"1":{"start":{"line":11,"column":2},"end":{"line":11,"column":48}},"2":{"start":{"line":11,"column":35},"end":{"line":11,"column":48}},"3":{"start":{"line":13,"column":2},"end":{"line":18,"column":3}},"4":{"start":{"line":14,"column":4},"end":{"line":17,"column":49}},"5":{"start":{"line":16,"column":6},"end":{"line":16,"column":57}},"6":{"start":{"line":16,"column":44},"end":{"line":16,"column":57}},"7":{"start":{"line":17,"column":11},"end":{"line":17,"column":49}},"8":{"start":{"line":17,"column":36},"end":{"line":17,"column":49}},"9":{"start":{"line":20,"column":2},"end":{"line":20,"column":14}},"10":{"start":{"line":28,"column":23},"end":{"line":28,"column":93}},"11":{"start":{"line":30,"column":10},"end":{"line":30,"column":16}},"12":{"start":{"line":32,"column":2},"end":{"line":37,"column":14}},"13":{"start":{"line":33,"column":4},"end":{"line":33,"column":24}},"14":{"start":{"line":34,"column":4},"end":{"line":36,"column":5}},"15":{"start":{"line":35,"column":6},"end":{"line":35,"column":29}},"16":{"start":{"line":38,"column":2},"end":{"line":38,"column":24}},"17":{"start":{"line":44,"column":24},"end":{"line":44,"column":43}},"18":{"start":{"line":49,"column":19},"end":{"line":51,"column":11}},"19":{"start":{"line":50,"column":4},"end":{"line":50,"column":30}},"20":{"start":{"line":52,"column":19},"end":{"line":54,"column":11}},"21":{"start":{"line":53,"column":4},"end":{"line":53,"column":30}},"22":{"start":{"line":56,"column":14},"end":{"line":56,"column":51}},"23":{"start":{"line":57,"column":2},"end":{"line":57,"column":41}},"24":{"start":{"line":61,"column":2},"end":{"line":61,"column":85}},"25":{"start":{"line":65,"column":19},"end":{"line":65,"column":91}},"26":{"start":{"line":67,"column":15},"end":{"line":67,"column":18}},"27":{"start":{"line":70,"column":2},"end":{"line":73,"column":3}},"28":{"start":{"line":71,"column":4},"end":{"line":71,"column":56}},"29":{"start":{"line":72,"column":4},"end":{"line":72,"column":18}},"30":{"start":{"line":75,"column":2},"end":{"line":78,"column":3}},"31":{"start":{"line":76,"column":4},"end":{"line":76,"column":59}},"32":{"start":{"line":77,"column":4},"end":{"line":77,"column":18}},"33":{"start":{"line":80,"column":2},"end":{"line":83,"column":5}},"34":{"start":{"line":81,"column":13},"end":{"line":81,"column":41}},"35":{"start":{"line":82,"column":4},"end":{"line":82,"column":38}},"36":{"start":{"line":85,"column":2},"end":{"line":85,"column":16}},"37":{"start":{"line":89,"column":15},"end":{"line":89,"column":561}},"38":{"start":{"line":91,"column":2},"end":{"line":91,"column":56}},"39":{"start":{"line":94,"column":0},"end":{"line":94,"column":38}},"40":{"start":{"line":95,"column":0},"end":{"line":95,"column":54}},"41":{"start":{"line":96,"column":0},"end":{"line":96,"column":62}},"42":{"start":{"line":97,"column":0},"end":{"line":97,"column":60}},"43":{"start":{"line":98,"column":0},"end":{"line":98,"column":54}},"44":{"start":{"line":99,"column":0},"end":{"line":99,"column":38}},"45":{"start":{"line":100,"column":0},"end":{"line":100,"column":32}}},"fnMap":{"0":{"name":"metalogger","decl":{"start":{"line":6,"column":9},"end":{"line":6,"column":19}},"loc":{"start":{"line":6,"column":22},"end":{"line":6,"column":24}},"line":6},"1":{"name":"compareArrays","decl":{"start":{"line":8,"column":9},"end":{"line":8,"column":22}},"loc":{"start":{"line":8,"column":35},"end":{"line":21,"column":1}},"line":8},"2":{"name":"regexReturnAllMatches","decl":{"start":{"line":27,"column":9},"end":{"line":27,"column":30}},"loc":{"start":{"line":27,"column":43},"end":{"line":39,"column":1}},"line":27},"3":{"name":"regexComparer","decl":{"start":{"line":41,"column":9},"end":{"line":41,"column":22}},"loc":{"start":{"line":41,"column":78},"end":{"line":58,"column":1}},"line":41},"4":{"name":"(anonymous_4)","decl":{"start":{"line":49,"column":66},"end":{"line":49,"column":67}},"loc":{"start":{"line":49,"column":79},"end":{"line":51,"column":3}},"line":49},"5":{"name":"(anonymous_5)","decl":{"start":{"line":52,"column":66},"end":{"line":52,"column":67}},"loc":{"start":{"line":52,"column":79},"end":{"line":54,"column":3}},"line":52},"6":{"name":"addMinutesToSimpleENTimes","decl":{"start":{"line":60,"column":9},"end":{"line":60,"column":34}},"loc":{"start":{"line":60,"column":43},"end":{"line":62,"column":1}},"line":60},"7":{"name":"regexReplaceAllFromArray","decl":{"start":{"line":64,"column":9},"end":{"line":64,"column":33}},"loc":{"start":{"line":64,"column":57},"end":{"line":86,"column":1}},"line":64},"8":{"name":"(anonymous_8)","decl":{"start":{"line":80,"column":27},"end":{"line":80,"column":28}},"loc":{"start":{"line":80,"column":40},"end":{"line":83,"column":3}},"line":80},"9":{"name":"replaceDoubleByteNums","decl":{"start":{"line":88,"column":9},"end":{"line":88,"column":30}},"loc":{"start":{"line":88,"column":39},"end":{"line":92,"column":1}},"line":88}},"branchMap":{"0":{"loc":{"start":{"line":11,"column":2},"end":{"line":11,"column":48}},"type":"if","locations":[{"start":{"line":11,"column":2},"end":{"line":11,"column":48}},{"start":{"line":11,"column":2},"end":{"line":11,"column":48}}],"line":11},"1":{"loc":{"start":{"line":14,"column":4},"end":{"line":17,"column":49}},"type":"if","locations":[{"start":{"line":14,"column":4},"end":{"line":17,"column":49}},{"start":{"line":14,"column":4},"end":{"line":17,"column":49}}],"line":14},"2":{"loc":{"start":{"line":16,"column":6},"end":{"line":16,"column":57}},"type":"if","locations":[{"start":{"line":16,"column":6},"end":{"line":16,"column":57}},{"start":{"line":16,"column":6},"end":{"line":16,"column":57}}],"line":16},"3":{"loc":{"start":{"line":17,"column":11},"end":{"line":17,"column":49}},"type":"if","locations":[{"start":{"line":17,"column":11},"end":{"line":17,"column":49}},{"start":{"line":17,"column":11},"end":{"line":17,"column":49}}],"line":17},"4":{"loc":{"start":{"line":28,"column":23},"end":{"line":28,"column":93}},"type":"cond-expr","locations":[{"start":{"line":28,"column":76},"end":{"line":28,"column":88}},{"start":{"line":28,"column":91},"end":{"line":28,"column":93}}],"line":28},"5":{"loc":{"start":{"line":28,"column":23},"end":{"line":28,"column":73}},"type":"binary-expr","locations":[{"start":{"line":28,"column":23},"end":{"line":28,"column":43}},{"start":{"line":28,"column":47},"end":{"line":28,"column":73}}],"line":28},"6":{"loc":{"start":{"line":34,"column":4},"end":{"line":36,"column":5}},"type":"if","locations":[{"start":{"line":34,"column":4},"end":{"line":36,"column":5}},{"start":{"line":34,"column":4},"end":{"line":36,"column":5}}],"line":34},"7":{"loc":{"start":{"line":44,"column":24},"end":{"line":44,"column":43}},"type":"cond-expr","locations":[{"start":{"line":44,"column":38},"end":{"line":44,"column":39}},{"start":{"line":44,"column":42},"end":{"line":44,"column":43}}],"line":44},"8":{"loc":{"start":{"line":65,"column":19},"end":{"line":65,"column":91}},"type":"cond-expr","locations":[{"start":{"line":65,"column":72},"end":{"line":65,"column":84}},{"start":{"line":65,"column":87},"end":{"line":65,"column":91}}],"line":65},"9":{"loc":{"start":{"line":65,"column":19},"end":{"line":65,"column":69}},"type":"binary-expr","locations":[{"start":{"line":65,"column":19},"end":{"line":65,"column":39}},{"start":{"line":65,"column":43},"end":{"line":65,"column":69}}],"line":65},"10":{"loc":{"start":{"line":70,"column":2},"end":{"line":73,"column":3}},"type":"if","locations":[{"start":{"line":70,"column":2},"end":{"line":73,"column":3}},{"start":{"line":70,"column":2},"end":{"line":73,"column":3}}],"line":70},"11":{"loc":{"start":{"line":75,"column":2},"end":{"line":78,"column":3}},"type":"if","locations":[{"start":{"line":75,"column":2},"end":{"line":78,"column":3}},{"start":{"line":75,"column":2},"end":{"line":78,"column":3}}],"line":75}},"s":{"0":1,"1":114,"2":16,"3":98,"4":63,"5":2,"6":0,"7":61,"8":18,"9":80,"10":168,"11":168,"12":168,"13":257,"14":257,"15":89,"16":168,"17":63,"18":63,"19":35,"20":63,"21":31,"22":63,"23":63,"24":16,"25":204,"26":204,"27":204,"28":0,"29":0,"30":204,"31":0,"32":0,"33":204,"34":3903,"35":3903,"36":204,"37":86,"38":86,"39":1,"40":1,"41":1,"42":1,"43":1,"44":1,"45":1},"f":{"0":22,"1":114,"2":168,"3":63,"4":35,"5":31,"6":16,"7":204,"8":3903,"9":86},"b":{"0":[16,98],"1":[2,61],"2":[0,2],"3":[18,43],"4":[8,160],"5":[168,8],"6":[89,168],"7":[0,63],"8":[204,0],"9":[204,204],"10":[0,204],"11":[0,204]},"_coverageSchema":"332fd63041d2c1bcb487cc26dd0d5f7d97098a6c","hash":"0b91a3129a639611e1794bdae3e08a5609868db6","contentHash":"cfa658ee9a99212e84cdc5dd70fe9710_11.4.1"},"/home/ubuntu/workspace/src/libs/dates/comparedates.js":{"path":"/home/ubuntu/workspace/src/libs/dates/comparedates.js","statementMap":{"0":{"start":{"line":3,"column":0},"end":{"line":5,"column":3}},"1":{"start":{"line":7,"column":21},"end":{"line":7,"column":663}},"2":{"start":{"line":7,"column":79},"end":{"line":7,"column":81}},"3":{"start":{"line":7,"column":92},"end":{"line":7,"column":96}},"4":{"start":{"line":7,"column":107},"end":{"line":7,"column":112}},"5":{"start":{"line":7,"column":123},"end":{"line":7,"column":132}},"6":{"start":{"line":7,"column":134},"end":{"line":7,"column":413}},"7":{"start":{"line":7,"column":140},"end":{"line":7,"column":283}},"8":{"start":{"line":7,"column":226},"end":{"line":7,"column":246}},"9":{"start":{"line":7,"column":247},"end":{"line":7,"column":281}},"10":{"start":{"line":7,"column":275},"end":{"line":7,"column":281}},"11":{"start":{"line":7,"column":300},"end":{"line":7,"column":310}},"12":{"start":{"line":7,"column":311},"end":{"line":7,"column":320}},"13":{"start":{"line":7,"column":333},"end":{"line":7,"column":411}},"14":{"start":{"line":7,"column":339},"end":{"line":7,"column":379}},"15":{"start":{"line":7,"column":364},"end":{"line":7,"column":379}},"16":{"start":{"line":7,"column":392},"end":{"line":7,"column":409}},"17":{"start":{"line":7,"column":400},"end":{"line":7,"column":409}},"18":{"start":{"line":7,"column":414},"end":{"line":7,"column":426}},"19":{"start":{"line":7,"column":429},"end":{"line":7,"column":659}},"20":{"start":{"line":7,"column":456},"end":{"line":7,"column":656}},"21":{"start":{"line":7,"column":482},"end":{"line":7,"column":493}},"22":{"start":{"line":7,"column":501},"end":{"line":7,"column":656}},"23":{"start":{"line":7,"column":539},"end":{"line":7,"column":568}},"24":{"start":{"line":7,"column":578},"end":{"line":7,"column":654}},"25":{"start":{"line":9,"column":21},"end":{"line":9,"column":49}},"26":{"start":{"line":11,"column":14},"end":{"line":11,"column":53}},"27":{"start":{"line":13,"column":19},"end":{"line":13,"column":44}},"28":{"start":{"line":15,"column":12},"end":{"line":15,"column":49}},"29":{"start":{"line":17,"column":26},"end":{"line":17,"column":57}},"30":{"start":{"line":19,"column":27},"end":{"line":19,"column":70}},"31":{"start":{"line":21,"column":23},"end":{"line":21,"column":51}},"32":{"start":{"line":23,"column":24},"end":{"line":23,"column":64}},"33":{"start":{"line":25,"column":39},"end":{"line":25,"column":93}},"34":{"start":{"line":27,"column":40},"end":{"line":27,"column":267}},"35":{"start":{"line":27,"column":69},"end":{"line":27,"column":80}},"36":{"start":{"line":27,"column":103},"end":{"line":27,"column":105}},"37":{"start":{"line":27,"column":107},"end":{"line":27,"column":228}},"38":{"start":{"line":27,"column":126},"end":{"line":27,"column":226}},"39":{"start":{"line":27,"column":149},"end":{"line":27,"column":224}},"40":{"start":{"line":27,"column":201},"end":{"line":27,"column":224}},"41":{"start":{"line":27,"column":229},"end":{"line":27,"column":250}},"42":{"start":{"line":27,"column":251},"end":{"line":27,"column":265}},"43":{"start":{"line":30,"column":16},"end":{"line":30,"column":86}},"44":{"start":{"line":31,"column":22},"end":{"line":31,"column":92}},"45":{"start":{"line":33,"column":20},"end":{"line":33,"column":26}},"46":{"start":{"line":35,"column":18},"end":{"line":35,"column":20}},"47":{"start":{"line":36,"column":18},"end":{"line":36,"column":20}},"48":{"start":{"line":37,"column":26},"end":{"line":37,"column":28}},"49":{"start":{"line":38,"column":32},"end":{"line":38,"column":34}},"50":{"start":{"line":41,"column":27},"end":{"line":43,"column":4}},"51":{"start":{"line":42,"column":4},"end":{"line":42,"column":30}},"52":{"start":{"line":44,"column":27},"end":{"line":46,"column":4}},"53":{"start":{"line":45,"column":4},"end":{"line":45,"column":30}},"54":{"start":{"line":49,"column":2},"end":{"line":60,"column":3}},"55":{"start":{"line":50,"column":12},"end":{"line":50,"column":33}},"56":{"start":{"line":51,"column":4},"end":{"line":59,"column":5}},"57":{"start":{"line":52,"column":6},"end":{"line":52,"column":84}},"58":{"start":{"line":54,"column":6},"end":{"line":58,"column":7}},"59":{"start":{"line":55,"column":8},"end":{"line":55,"column":26}},"60":{"start":{"line":57,"column":8},"end":{"line":57,"column":50}},"61":{"start":{"line":64,"column":2},"end":{"line":74,"column":3}},"62":{"start":{"line":65,"column":13},"end":{"line":65,"column":35}},"63":{"start":{"line":66,"column":4},"end":{"line":73,"column":5}},"64":{"start":{"line":67,"column":6},"end":{"line":67,"column":86}},"65":{"start":{"line":68,"column":6},"end":{"line":72,"column":7}},"66":{"start":{"line":69,"column":8},"end":{"line":69,"column":27}},"67":{"start":{"line":71,"column":8},"end":{"line":71,"column":44}},"68":{"start":{"line":76,"column":2},"end":{"line":76,"column":76}},"69":{"start":{"line":80,"column":26},"end":{"line":80,"column":37}},"70":{"start":{"line":83,"column":2},"end":{"line":90,"column":3}},"71":{"start":{"line":85,"column":16},"end":{"line":85,"column":46}},"72":{"start":{"line":86,"column":19},"end":{"line":86,"column":112}},"73":{"start":{"line":89,"column":4},"end":{"line":89,"column":79}},"74":{"start":{"line":91,"column":2},"end":{"line":91,"column":27}},"75":{"start":{"line":95,"column":21},"end":{"line":95,"column":32}},"76":{"start":{"line":96,"column":15},"end":{"line":96,"column":19}},"77":{"start":{"line":100,"column":2},"end":{"line":105,"column":3}},"78":{"start":{"line":101,"column":4},"end":{"line":101,"column":49}},"79":{"start":{"line":102,"column":4},"end":{"line":102,"column":49}},"80":{"start":{"line":103,"column":4},"end":{"line":103,"column":72}},"81":{"start":{"line":104,"column":4},"end":{"line":104,"column":32}},"82":{"start":{"line":109,"column":30},"end":{"line":109,"column":93}},"83":{"start":{"line":110,"column":31},"end":{"line":110,"column":71}},"84":{"start":{"line":111,"column":20},"end":{"line":111,"column":45}},"85":{"start":{"line":112,"column":20},"end":{"line":112,"column":45}},"86":{"start":{"line":114,"column":2},"end":{"line":114,"column":52}},"87":{"start":{"line":115,"column":2},"end":{"line":115,"column":52}},"88":{"start":{"line":118,"column":16},"end":{"line":118,"column":52}},"89":{"start":{"line":119,"column":2},"end":{"line":119,"column":83}},"90":{"start":{"line":120,"column":20},"end":{"line":120,"column":45}},"91":{"start":{"line":121,"column":19},"end":{"line":121,"column":99}},"92":{"start":{"line":122,"column":16},"end":{"line":122,"column":67}},"93":{"start":{"line":125,"column":2},"end":{"line":127,"column":3}},"94":{"start":{"line":126,"column":4},"end":{"line":126,"column":32}},"95":{"start":{"line":130,"column":2},"end":{"line":130,"column":60}},"96":{"start":{"line":131,"column":28},"end":{"line":131,"column":108}},"97":{"start":{"line":134,"column":2},"end":{"line":134,"column":56}},"98":{"start":{"line":137,"column":18},"end":{"line":137,"column":63}},"99":{"start":{"line":138,"column":2},"end":{"line":138,"column":62}},"100":{"start":{"line":141,"column":2},"end":{"line":151,"column":3}},"101":{"start":{"line":142,"column":14},"end":{"line":142,"column":91}},"102":{"start":{"line":145,"column":4},"end":{"line":148,"column":5}},"103":{"start":{"line":146,"column":6},"end":{"line":146,"column":110}},"104":{"start":{"line":147,"column":6},"end":{"line":147,"column":110}},"105":{"start":{"line":150,"column":4},"end":{"line":150,"column":75}},"106":{"start":{"line":153,"column":2},"end":{"line":153,"column":32}},"107":{"start":{"line":156,"column":0},"end":{"line":156,"column":31}}},"fnMap":{"0":{"name":"(anonymous_0)","decl":{"start":{"line":7,"column":21},"end":{"line":7,"column":22}},"loc":{"start":{"line":7,"column":33},"end":{"line":7,"column":661}},"line":7},"1":{"name":"sliceIterator","decl":{"start":{"line":7,"column":44},"end":{"line":7,"column":57}},"loc":{"start":{"line":7,"column":66},"end":{"line":7,"column":428}},"line":7},"2":{"name":"(anonymous_2)","decl":{"start":{"line":7,"column":436},"end":{"line":7,"column":437}},"loc":{"start":{"line":7,"column":454},"end":{"line":7,"column":658}},"line":7},"3":{"name":"_interopRequireDefault","decl":{"start":{"line":25,"column":9},"end":{"line":25,"column":31}},"loc":{"start":{"line":25,"column":37},"end":{"line":25,"column":95}},"line":25},"4":{"name":"_interopRequireWildcard","decl":{"start":{"line":27,"column":9},"end":{"line":27,"column":32}},"loc":{"start":{"line":27,"column":38},"end":{"line":27,"column":269}},"line":27},"5":{"name":"removeMatchedDates","decl":{"start":{"line":29,"column":9},"end":{"line":29,"column":27}},"loc":{"start":{"line":29,"column":39},"end":{"line":77,"column":1}},"line":29},"6":{"name":"(anonymous_6)","decl":{"start":{"line":41,"column":44},"end":{"line":41,"column":45}},"loc":{"start":{"line":41,"column":57},"end":{"line":43,"column":3}},"line":41},"7":{"name":"(anonymous_7)","decl":{"start":{"line":44,"column":44},"end":{"line":44,"column":45}},"loc":{"start":{"line":44,"column":57},"end":{"line":46,"column":3}},"line":44},"8":{"name":"removeSideArrStrings","decl":{"start":{"line":79,"column":9},"end":{"line":79,"column":29}},"loc":{"start":{"line":79,"column":59},"end":{"line":92,"column":1}},"line":79},"9":{"name":"compareDates","decl":{"start":{"line":94,"column":9},"end":{"line":94,"column":21}},"loc":{"start":{"line":94,"column":65},"end":{"line":154,"column":1}},"line":94}},"branchMap":{"0":{"loc":{"start":{"line":7,"column":247},"end":{"line":7,"column":281}},"type":"if","locations":[{"start":{"line":7,"column":247},"end":{"line":7,"column":281}},{"start":{"line":7,"column":247},"end":{"line":7,"column":281}}],"line":7},"1":{"loc":{"start":{"line":7,"column":251},"end":{"line":7,"column":273}},"type":"binary-expr","locations":[{"start":{"line":7,"column":251},"end":{"line":7,"column":252}},{"start":{"line":7,"column":256},"end":{"line":7,"column":273}}],"line":7},"2":{"loc":{"start":{"line":7,"column":339},"end":{"line":7,"column":379}},"type":"if","locations":[{"start":{"line":7,"column":339},"end":{"line":7,"column":379}},{"start":{"line":7,"column":339},"end":{"line":7,"column":379}}],"line":7},"3":{"loc":{"start":{"line":7,"column":343},"end":{"line":7,"column":362}},"type":"binary-expr","locations":[{"start":{"line":7,"column":343},"end":{"line":7,"column":346}},{"start":{"line":7,"column":350},"end":{"line":7,"column":362}}],"line":7},"4":{"loc":{"start":{"line":7,"column":392},"end":{"line":7,"column":409}},"type":"if","locations":[{"start":{"line":7,"column":392},"end":{"line":7,"column":409}},{"start":{"line":7,"column":392},"end":{"line":7,"column":409}}],"line":7},"5":{"loc":{"start":{"line":7,"column":456},"end":{"line":7,"column":656}},"type":"if","locations":[{"start":{"line":7,"column":456},"end":{"line":7,"column":656}},{"start":{"line":7,"column":456},"end":{"line":7,"column":656}}],"line":7},"6":{"loc":{"start":{"line":7,"column":501},"end":{"line":7,"column":656}},"type":"if","locations":[{"start":{"line":7,"column":501},"end":{"line":7,"column":656}},{"start":{"line":7,"column":501},"end":{"line":7,"column":656}}],"line":7},"7":{"loc":{"start":{"line":25,"column":46},"end":{"line":25,"column":92}},"type":"cond-expr","locations":[{"start":{"line":25,"column":70},"end":{"line":25,"column":73}},{"start":{"line":25,"column":76},"end":{"line":25,"column":92}}],"line":25},"8":{"loc":{"start":{"line":25,"column":46},"end":{"line":25,"column":67}},"type":"binary-expr","locations":[{"start":{"line":25,"column":46},"end":{"line":25,"column":49}},{"start":{"line":25,"column":53},"end":{"line":25,"column":67}}],"line":25},"9":{"loc":{"start":{"line":27,"column":40},"end":{"line":27,"column":267}},"type":"if","locations":[{"start":{"line":27,"column":40},"end":{"line":27,"column":267}},{"start":{"line":27,"column":40},"end":{"line":27,"column":267}}],"line":27},"10":{"loc":{"start":{"line":27,"column":44},"end":{"line":27,"column":65}},"type":"binary-expr","locations":[{"start":{"line":27,"column":44},"end":{"line":27,"column":47}},{"start":{"line":27,"column":51},"end":{"line":27,"column":65}}],"line":27},"11":{"loc":{"start":{"line":27,"column":107},"end":{"line":27,"column":228}},"type":"if","locations":[{"start":{"line":27,"column":107},"end":{"line":27,"column":228}},{"start":{"line":27,"column":107},"end":{"line":27,"column":228}}],"line":27},"12":{"loc":{"start":{"line":27,"column":149},"end":{"line":27,"column":224}},"type":"if","locations":[{"start":{"line":27,"column":149},"end":{"line":27,"column":224}},{"start":{"line":27,"column":149},"end":{"line":27,"column":224}}],"line":27},"13":{"loc":{"start":{"line":30,"column":16},"end":{"line":30,"column":86}},"type":"cond-expr","locations":[{"start":{"line":30,"column":69},"end":{"line":30,"column":81}},{"start":{"line":30,"column":84},"end":{"line":30,"column":86}}],"line":30},"14":{"loc":{"start":{"line":30,"column":16},"end":{"line":30,"column":66}},"type":"binary-expr","locations":[{"start":{"line":30,"column":16},"end":{"line":30,"column":36}},{"start":{"line":30,"column":40},"end":{"line":30,"column":66}}],"line":30},"15":{"loc":{"start":{"line":31,"column":22},"end":{"line":31,"column":92}},"type":"cond-expr","locations":[{"start":{"line":31,"column":75},"end":{"line":31,"column":87}},{"start":{"line":31,"column":90},"end":{"line":31,"column":92}}],"line":31},"16":{"loc":{"start":{"line":31,"column":22},"end":{"line":31,"column":72}},"type":"binary-expr","locations":[{"start":{"line":31,"column":22},"end":{"line":31,"column":42}},{"start":{"line":31,"column":46},"end":{"line":31,"column":72}}],"line":31},"17":{"loc":{"start":{"line":51,"column":4},"end":{"line":59,"column":5}},"type":"if","locations":[{"start":{"line":51,"column":4},"end":{"line":59,"column":5}},{"start":{"line":51,"column":4},"end":{"line":59,"column":5}}],"line":51},"18":{"loc":{"start":{"line":54,"column":6},"end":{"line":58,"column":7}},"type":"if","locations":[{"start":{"line":54,"column":6},"end":{"line":58,"column":7}},{"start":{"line":54,"column":6},"end":{"line":58,"column":7}}],"line":54},"19":{"loc":{"start":{"line":66,"column":4},"end":{"line":73,"column":5}},"type":"if","locations":[{"start":{"line":66,"column":4},"end":{"line":73,"column":5}},{"start":{"line":66,"column":4},"end":{"line":73,"column":5}}],"line":66},"20":{"loc":{"start":{"line":68,"column":6},"end":{"line":72,"column":7}},"type":"if","locations":[{"start":{"line":68,"column":6},"end":{"line":72,"column":7}},{"start":{"line":68,"column":6},"end":{"line":72,"column":7}}],"line":68},"21":{"loc":{"start":{"line":100,"column":2},"end":{"line":105,"column":3}},"type":"if","locations":[{"start":{"line":100,"column":2},"end":{"line":105,"column":3}},{"start":{"line":100,"column":2},"end":{"line":105,"column":3}}],"line":100},"22":{"loc":{"start":{"line":125,"column":2},"end":{"line":127,"column":3}},"type":"if","locations":[{"start":{"line":125,"column":2},"end":{"line":127,"column":3}},{"start":{"line":125,"column":2},"end":{"line":127,"column":3}}],"line":125},"23":{"loc":{"start":{"line":141,"column":2},"end":{"line":151,"column":3}},"type":"if","locations":[{"start":{"line":141,"column":2},"end":{"line":151,"column":3}},{"start":{"line":141,"column":2},"end":{"line":151,"column":3}}],"line":141},"24":{"loc":{"start":{"line":145,"column":4},"end":{"line":148,"column":5}},"type":"if","locations":[{"start":{"line":145,"column":4},"end":{"line":148,"column":5}},{"start":{"line":145,"column":4},"end":{"line":148,"column":5}}],"line":145}},"s":{"0":1,"1":1,"2":0,"3":0,"4":0,"5":0,"6":0,"7":0,"8":0,"9":0,"10":0,"11":0,"12":0,"13":0,"14":0,"15":0,"16":0,"17":0,"18":0,"19":1,"20":14,"21":14,"22":0,"23":0,"24":0,"25":1,"26":1,"27":1,"28":1,"29":1,"30":1,"31":1,"32":1,"33":2,"34":2,"35":2,"36":0,"37":0,"38":0,"39":0,"40":0,"41":0,"42":0,"43":4,"44":4,"45":4,"46":4,"47":4,"48":4,"49":4,"50":4,"51":3,"52":4,"53":3,"54":4,"55":3,"56":3,"57":1,"58":1,"59":1,"60":0,"61":4,"62":3,"63":3,"64":1,"65":1,"66":1,"67":0,"68":4,"69":8,"70":8,"71":0,"72":0,"73":0,"74":8,"75":15,"76":15,"77":15,"78":1,"79":1,"80":1,"81":1,"82":14,"83":14,"84":14,"85":14,"86":14,"87":14,"88":14,"89":14,"90":14,"91":14,"92":14,"93":14,"94":10,"95":4,"96":4,"97":4,"98":4,"99":4,"100":4,"101":4,"102":4,"103":4,"104":4,"105":4,"106":4,"107":1},"f":{"0":1,"1":0,"2":14,"3":2,"4":2,"5":4,"6":3,"7":3,"8":8,"9":15},"b":{"0":[0,0],"1":[0,0],"2":[0,0],"3":[0,0],"4":[0,0],"5":[14,0],"6":[0,0],"7":[2,0],"8":[2,2],"9":[2,0],"10":[2,2],"11":[0,0],"12":[0,0],"13":[4,0],"14":[4,4],"15":[4,0],"16":[4,4],"17":[1,2],"18":[1,0],"19":[1,2],"20":[1,0],"21":[1,14],"22":[10,4],"23":[4,0],"24":[4,0]},"_coverageSchema":"332fd63041d2c1bcb487cc26dd0d5f7d97098a6c","hash":"b67dca52bcbd958728bd466eb5ced15e767c8820","contentHash":"2e7d46ca853f9641d95121bbbcd13a9c_11.4.1"},"/home/ubuntu/workspace/src/libs/dates/dates-common.js":{"path":"/home/ubuntu/workspace/src/libs/dates/dates-common.js","statementMap":{"0":{"start":{"line":3,"column":0},"end":{"line":5,"column":3}},"1":{"start":{"line":6,"column":0},"end":{"line":6,"column":168}},"2":{"start":{"line":8,"column":21},"end":{"line":8,"column":49}},"3":{"start":{"line":10,"column":14},"end":{"line":10,"column":53}},"4":{"start":{"line":12,"column":24},"end":{"line":12,"column":53}},"5":{"start":{"line":14,"column":25},"end":{"line":14,"column":66}},"6":{"start":{"line":16,"column":39},"end":{"line":16,"column":93}},"7":{"start":{"line":18,"column":40},"end":{"line":18,"column":267}},"8":{"start":{"line":18,"column":69},"end":{"line":18,"column":80}},"9":{"start":{"line":18,"column":103},"end":{"line":18,"column":105}},"10":{"start":{"line":18,"column":107},"end":{"line":18,"column":228}},"11":{"start":{"line":18,"column":126},"end":{"line":18,"column":226}},"12":{"start":{"line":18,"column":149},"end":{"line":18,"column":224}},"13":{"start":{"line":18,"column":201},"end":{"line":18,"column":224}},"14":{"start":{"line":18,"column":229},"end":{"line":18,"column":250}},"15":{"start":{"line":18,"column":251},"end":{"line":18,"column":265}},"16":{"start":{"line":21,"column":19},"end":{"line":21,"column":44}},"17":{"start":{"line":22,"column":2},"end":{"line":24,"column":3}},"18":{"start":{"line":23,"column":4},"end":{"line":23,"column":17}},"19":{"start":{"line":26,"column":24},"end":{"line":26,"column":61}},"20":{"start":{"line":27,"column":2},"end":{"line":29,"column":3}},"21":{"start":{"line":28,"column":4},"end":{"line":28,"column":17}},"22":{"start":{"line":31,"column":2},"end":{"line":31,"column":14}},"23":{"start":{"line":39,"column":12},"end":{"line":44,"column":26}},"24":{"start":{"line":46,"column":2},"end":{"line":46,"column":61}},"25":{"start":{"line":50,"column":14},"end":{"line":50,"column":18}},"26":{"start":{"line":51,"column":15},"end":{"line":51,"column":20}},"27":{"start":{"line":52,"column":14},"end":{"line":52,"column":18}},"28":{"start":{"line":53,"column":2},"end":{"line":55,"column":3}},"29":{"start":{"line":54,"column":4},"end":{"line":54,"column":24}},"30":{"start":{"line":56,"column":2},"end":{"line":58,"column":3}},"31":{"start":{"line":57,"column":4},"end":{"line":57,"column":26}},"32":{"start":{"line":59,"column":2},"end":{"line":61,"column":3}},"33":{"start":{"line":60,"column":4},"end":{"line":60,"column":24}},"34":{"start":{"line":62,"column":2},"end":{"line":62,"column":52}},"35":{"start":{"line":66,"column":14},"end":{"line":66,"column":18}},"36":{"start":{"line":67,"column":15},"end":{"line":67,"column":20}},"37":{"start":{"line":68,"column":2},"end":{"line":70,"column":3}},"38":{"start":{"line":69,"column":4},"end":{"line":69,"column":24}},"39":{"start":{"line":71,"column":2},"end":{"line":73,"column":3}},"40":{"start":{"line":72,"column":4},"end":{"line":72,"column":26}},"41":{"start":{"line":74,"column":2},"end":{"line":74,"column":39}},"42":{"start":{"line":78,"column":2},"end":{"line":80,"column":3}},"43":{"start":{"line":79,"column":4},"end":{"line":79,"column":125}},"44":{"start":{"line":81,"column":2},"end":{"line":81,"column":102}},"45":{"start":{"line":85,"column":2},"end":{"line":85,"column":52}},"46":{"start":{"line":86,"column":2},"end":{"line":86,"column":52}},"47":{"start":{"line":87,"column":2},"end":{"line":87,"column":20}},"48":{"start":{"line":92,"column":22},"end":{"line":92,"column":352}},"49":{"start":{"line":93,"column":2},"end":{"line":93,"column":71}},"50":{"start":{"line":97,"column":15},"end":{"line":97,"column":18}},"51":{"start":{"line":98,"column":15},"end":{"line":98,"column":18}},"52":{"start":{"line":102,"column":2},"end":{"line":102,"column":49}},"53":{"start":{"line":104,"column":2},"end":{"line":104,"column":35}},"54":{"start":{"line":107,"column":2},"end":{"line":107,"column":109}},"55":{"start":{"line":111,"column":2},"end":{"line":111,"column":53}},"56":{"start":{"line":113,"column":2},"end":{"line":113,"column":46}},"57":{"start":{"line":116,"column":2},"end":{"line":116,"column":109}},"58":{"start":{"line":119,"column":2},"end":{"line":119,"column":51}},"59":{"start":{"line":122,"column":2},"end":{"line":122,"column":26}},"60":{"start":{"line":125,"column":0},"end":{"line":125,"column":38}},"61":{"start":{"line":126,"column":0},"end":{"line":126,"column":42}},"62":{"start":{"line":127,"column":0},"end":{"line":127,"column":64}},"63":{"start":{"line":128,"column":0},"end":{"line":128,"column":56}},"64":{"start":{"line":129,"column":0},"end":{"line":129,"column":66}}},"fnMap":{"0":{"name":"_interopRequireDefault","decl":{"start":{"line":16,"column":9},"end":{"line":16,"column":31}},"loc":{"start":{"line":16,"column":37},"end":{"line":16,"column":95}},"line":16},"1":{"name":"_interopRequireWildcard","decl":{"start":{"line":18,"column":9},"end":{"line":18,"column":32}},"loc":{"start":{"line":18,"column":38},"end":{"line":18,"column":269}},"line":18},"2":{"name":"verifyOptions","decl":{"start":{"line":20,"column":9},"end":{"line":20,"column":22}},"loc":{"start":{"line":20,"column":37},"end":{"line":32,"column":1}},"line":20},"3":{"name":"initialJPFilter","decl":{"start":{"line":38,"column":9},"end":{"line":38,"column":24}},"loc":{"start":{"line":38,"column":33},"end":{"line":47,"column":1}},"line":38},"4":{"name":"ensureTwoDigitNumber","decl":{"start":{"line":49,"column":9},"end":{"line":49,"column":29}},"loc":{"start":{"line":49,"column":72},"end":{"line":63,"column":1}},"line":49},"5":{"name":"ensureTwoDigitNumberNoTime","decl":{"start":{"line":65,"column":9},"end":{"line":65,"column":35}},"loc":{"start":{"line":65,"column":68},"end":{"line":75,"column":1}},"line":65},"6":{"name":"monthConverter","decl":{"start":{"line":77,"column":9},"end":{"line":77,"column":23}},"loc":{"start":{"line":77,"column":33},"end":{"line":82,"column":1}},"line":77},"7":{"name":"convertToTwoDigitDates","decl":{"start":{"line":84,"column":9},"end":{"line":84,"column":31}},"loc":{"start":{"line":84,"column":44},"end":{"line":88,"column":1}},"line":84},"8":{"name":"cleanGetRichCommaDateLists","decl":{"start":{"line":90,"column":9},"end":{"line":90,"column":35}},"loc":{"start":{"line":90,"column":44},"end":{"line":94,"column":1}},"line":90},"9":{"name":"cleanStringsBeforeDateCheck","decl":{"start":{"line":96,"column":9},"end":{"line":96,"column":36}},"loc":{"start":{"line":96,"column":61},"end":{"line":123,"column":1}},"line":96}},"branchMap":{"0":{"loc":{"start":{"line":16,"column":46},"end":{"line":16,"column":92}},"type":"cond-expr","locations":[{"start":{"line":16,"column":70},"end":{"line":16,"column":73}},{"start":{"line":16,"column":76},"end":{"line":16,"column":92}}],"line":16},"1":{"loc":{"start":{"line":16,"column":46},"end":{"line":16,"column":67}},"type":"binary-expr","locations":[{"start":{"line":16,"column":46},"end":{"line":16,"column":49}},{"start":{"line":16,"column":53},"end":{"line":16,"column":67}}],"line":16},"2":{"loc":{"start":{"line":18,"column":40},"end":{"line":18,"column":267}},"type":"if","locations":[{"start":{"line":18,"column":40},"end":{"line":18,"column":267}},{"start":{"line":18,"column":40},"end":{"line":18,"column":267}}],"line":18},"3":{"loc":{"start":{"line":18,"column":44},"end":{"line":18,"column":65}},"type":"binary-expr","locations":[{"start":{"line":18,"column":44},"end":{"line":18,"column":47}},{"start":{"line":18,"column":51},"end":{"line":18,"column":65}}],"line":18},"4":{"loc":{"start":{"line":18,"column":107},"end":{"line":18,"column":228}},"type":"if","locations":[{"start":{"line":18,"column":107},"end":{"line":18,"column":228}},{"start":{"line":18,"column":107},"end":{"line":18,"column":228}}],"line":18},"5":{"loc":{"start":{"line":18,"column":149},"end":{"line":18,"column":224}},"type":"if","locations":[{"start":{"line":18,"column":149},"end":{"line":18,"column":224}},{"start":{"line":18,"column":149},"end":{"line":18,"column":224}}],"line":18},"6":{"loc":{"start":{"line":22,"column":2},"end":{"line":24,"column":3}},"type":"if","locations":[{"start":{"line":22,"column":2},"end":{"line":24,"column":3}},{"start":{"line":22,"column":2},"end":{"line":24,"column":3}}],"line":22},"7":{"loc":{"start":{"line":22,"column":6},"end":{"line":22,"column":123}},"type":"binary-expr","locations":[{"start":{"line":22,"column":6},"end":{"line":22,"column":42}},{"start":{"line":22,"column":46},"end":{"line":22,"column":82}},{"start":{"line":22,"column":86},"end":{"line":22,"column":123}}],"line":22},"8":{"loc":{"start":{"line":27,"column":2},"end":{"line":29,"column":3}},"type":"if","locations":[{"start":{"line":27,"column":2},"end":{"line":29,"column":3}},{"start":{"line":27,"column":2},"end":{"line":29,"column":3}}],"line":27},"9":{"loc":{"start":{"line":27,"column":6},"end":{"line":27,"column":114}},"type":"binary-expr","locations":[{"start":{"line":27,"column":6},"end":{"line":27,"column":58}},{"start":{"line":27,"column":62},"end":{"line":27,"column":114}}],"line":27},"10":{"loc":{"start":{"line":53,"column":2},"end":{"line":55,"column":3}},"type":"if","locations":[{"start":{"line":53,"column":2},"end":{"line":55,"column":3}},{"start":{"line":53,"column":2},"end":{"line":55,"column":3}}],"line":53},"11":{"loc":{"start":{"line":56,"column":2},"end":{"line":58,"column":3}},"type":"if","locations":[{"start":{"line":56,"column":2},"end":{"line":58,"column":3}},{"start":{"line":56,"column":2},"end":{"line":58,"column":3}}],"line":56},"12":{"loc":{"start":{"line":59,"column":2},"end":{"line":61,"column":3}},"type":"if","locations":[{"start":{"line":59,"column":2},"end":{"line":61,"column":3}},{"start":{"line":59,"column":2},"end":{"line":61,"column":3}}],"line":59},"13":{"loc":{"start":{"line":68,"column":2},"end":{"line":70,"column":3}},"type":"if","locations":[{"start":{"line":68,"column":2},"end":{"line":70,"column":3}},{"start":{"line":68,"column":2},"end":{"line":70,"column":3}}],"line":68},"14":{"loc":{"start":{"line":71,"column":2},"end":{"line":73,"column":3}},"type":"if","locations":[{"start":{"line":71,"column":2},"end":{"line":73,"column":3}},{"start":{"line":71,"column":2},"end":{"line":73,"column":3}}],"line":71},"15":{"loc":{"start":{"line":78,"column":2},"end":{"line":80,"column":3}},"type":"if","locations":[{"start":{"line":78,"column":2},"end":{"line":80,"column":3}},{"start":{"line":78,"column":2},"end":{"line":80,"column":3}}],"line":78}},"s":{"0":1,"1":1,"2":1,"3":1,"4":1,"5":1,"6":1,"7":1,"8":1,"9":0,"10":0,"11":0,"12":0,"13":0,"14":0,"15":0,"16":18,"17":18,"18":2,"19":16,"20":16,"21":0,"22":16,"23":16,"24":16,"25":8,"26":8,"27":8,"28":8,"29":0,"30":8,"31":5,"32":8,"33":0,"34":8,"35":0,"36":0,"37":0,"38":0,"39":0,"40":0,"41":0,"42":8,"43":8,"44":0,"45":6,"46":6,"47":6,"48":16,"49":16,"50":16,"51":16,"52":16,"53":16,"54":16,"55":16,"56":16,"57":16,"58":16,"59":16,"60":1,"61":1,"62":1,"63":1,"64":1},"f":{"0":1,"1":1,"2":18,"3":16,"4":8,"5":0,"6":8,"7":6,"8":16,"9":16},"b":{"0":[1,0],"1":[1,1],"2":[1,0],"3":[1,1],"4":[0,0],"5":[0,0],"6":[2,16],"7":[18,16,16],"8":[0,16],"9":[16,16],"10":[0,8],"11":[5,3],"12":[0,8],"13":[0,0],"14":[0,0],"15":[8,0]},"_coverageSchema":"332fd63041d2c1bcb487cc26dd0d5f7d97098a6c","hash":"afc72f6709995ef0e36581ad526b7336fb442cfb","contentHash":"25218f7c1ae5ccb31f55799346f84591_11.4.1"},"/home/ubuntu/workspace/src/libs/dates/convertToISOTime.js":{"path":"/home/ubuntu/workspace/src/libs/dates/convertToISOTime.js","statementMap":{"0":{"start":{"line":3,"column":0},"end":{"line":5,"column":3}},"1":{"start":{"line":10,"column":17},"end":{"line":10,"column":87}},"2":{"start":{"line":12,"column":11},"end":{"line":12,"column":23}},"3":{"start":{"line":13,"column":12},"end":{"line":13,"column":27}},"4":{"start":{"line":14,"column":12},"end":{"line":14,"column":34}},"5":{"start":{"line":16,"column":2},"end":{"line":18,"column":3}},"6":{"start":{"line":17,"column":4},"end":{"line":17,"column":11}},"7":{"start":{"line":19,"column":2},"end":{"line":21,"column":3}},"8":{"start":{"line":20,"column":4},"end":{"line":20,"column":13}},"9":{"start":{"line":23,"column":12},"end":{"line":23,"column":25}},"10":{"start":{"line":24,"column":13},"end":{"line":24,"column":27}},"11":{"start":{"line":26,"column":2},"end":{"line":28,"column":3}},"12":{"start":{"line":27,"column":4},"end":{"line":27,"column":20}},"13":{"start":{"line":29,"column":2},"end":{"line":31,"column":3}},"14":{"start":{"line":30,"column":4},"end":{"line":30,"column":22}},"15":{"start":{"line":33,"column":2},"end":{"line":33,"column":26}},"16":{"start":{"line":37,"column":2},"end":{"line":37,"column":81}},"17":{"start":{"line":40,"column":0},"end":{"line":40,"column":47}}},"fnMap":{"0":{"name":"twentyFourHours","decl":{"start":{"line":9,"column":9},"end":{"line":9,"column":24}},"loc":{"start":{"line":9,"column":47},"end":{"line":34,"column":1}},"line":9},"1":{"name":"convertToTwentyFourHourClock","decl":{"start":{"line":36,"column":9},"end":{"line":36,"column":37}},"loc":{"start":{"line":36,"column":46},"end":{"line":38,"column":1}},"line":36}},"branchMap":{"0":{"loc":{"start":{"line":10,"column":17},"end":{"line":10,"column":87}},"type":"cond-expr","locations":[{"start":{"line":10,"column":70},"end":{"line":10,"column":82}},{"start":{"line":10,"column":85},"end":{"line":10,"column":87}}],"line":10},"1":{"loc":{"start":{"line":10,"column":17},"end":{"line":10,"column":67}},"type":"binary-expr","locations":[{"start":{"line":10,"column":17},"end":{"line":10,"column":37}},{"start":{"line":10,"column":41},"end":{"line":10,"column":67}}],"line":10},"2":{"loc":{"start":{"line":16,"column":2},"end":{"line":18,"column":3}},"type":"if","locations":[{"start":{"line":16,"column":2},"end":{"line":18,"column":3}},{"start":{"line":16,"column":2},"end":{"line":18,"column":3}}],"line":16},"3":{"loc":{"start":{"line":16,"column":6},"end":{"line":16,"column":31}},"type":"binary-expr","locations":[{"start":{"line":16,"column":6},"end":{"line":16,"column":15}},{"start":{"line":16,"column":19},"end":{"line":16,"column":31}}],"line":16},"4":{"loc":{"start":{"line":19,"column":2},"end":{"line":21,"column":3}},"type":"if","locations":[{"start":{"line":19,"column":2},"end":{"line":21,"column":3}},{"start":{"line":19,"column":2},"end":{"line":21,"column":3}}],"line":19},"5":{"loc":{"start":{"line":19,"column":6},"end":{"line":19,"column":29}},"type":"binary-expr","locations":[{"start":{"line":19,"column":6},"end":{"line":19,"column":13}},{"start":{"line":19,"column":17},"end":{"line":19,"column":29}}],"line":19},"6":{"loc":{"start":{"line":26,"column":2},"end":{"line":28,"column":3}},"type":"if","locations":[{"start":{"line":26,"column":2},"end":{"line":28,"column":3}},{"start":{"line":26,"column":2},"end":{"line":28,"column":3}}],"line":26},"7":{"loc":{"start":{"line":29,"column":2},"end":{"line":31,"column":3}},"type":"if","locations":[{"start":{"line":29,"column":2},"end":{"line":31,"column":3}},{"start":{"line":29,"column":2},"end":{"line":31,"column":3}}],"line":29}},"s":{"0":1,"1":9,"2":9,"3":9,"4":9,"5":9,"6":3,"7":9,"8":3,"9":9,"10":9,"11":9,"12":5,"13":9,"14":4,"15":9,"16":21,"17":1},"f":{"0":9,"1":21},"b":{"0":[7,2],"1":[9,9],"2":[3,6],"3":[9,4],"4":[3,6],"5":[9,8],"6":[5,4],"7":[4,5]},"_coverageSchema":"332fd63041d2c1bcb487cc26dd0d5f7d97098a6c","hash":"db4322b9c7b572631b8144e0ab8870317c0bea50","contentHash":"30bb18d97cbdb07f1c70263ef6fc3ac6_11.4.1"},"/home/ubuntu/workspace/src/libs/dates/convertToMomentArr.js":{"path":"/home/ubuntu/workspace/src/libs/dates/convertToMomentArr.js","statementMap":{"0":{"start":{"line":3,"column":0},"end":{"line":5,"column":3}},"1":{"start":{"line":7,"column":22},"end":{"line":7,"column":48}},"2":{"start":{"line":9,"column":23},"end":{"line":9,"column":62}},"3":{"start":{"line":11,"column":39},"end":{"line":11,"column":93}},"4":{"start":{"line":15,"column":2},"end":{"line":17,"column":3}},"5":{"start":{"line":16,"column":4},"end":{"line":16,"column":13}},"6":{"start":{"line":20,"column":2},"end":{"line":24,"column":3}},"7":{"start":{"line":21,"column":4},"end":{"line":21,"column":14}},"8":{"start":{"line":22,"column":9},"end":{"line":24,"column":3}},"9":{"start":{"line":23,"column":4},"end":{"line":23,"column":13}},"10":{"start":{"line":27,"column":2},"end":{"line":27,"column":11}},"11":{"start":{"line":31,"column":15},"end":{"line":31,"column":17}},"12":{"start":{"line":33,"column":24},"end":{"line":39,"column":3}},"13":{"start":{"line":34,"column":18},"end":{"line":34,"column":42}},"14":{"start":{"line":35,"column":4},"end":{"line":37,"column":5}},"15":{"start":{"line":36,"column":6},"end":{"line":36,"column":60}},"16":{"start":{"line":38,"column":4},"end":{"line":38,"column":50}},"17":{"start":{"line":40,"column":24},"end":{"line":46,"column":3}},"18":{"start":{"line":41,"column":18},"end":{"line":41,"column":42}},"19":{"start":{"line":42,"column":4},"end":{"line":44,"column":5}},"20":{"start":{"line":43,"column":6},"end":{"line":43,"column":60}},"21":{"start":{"line":45,"column":4},"end":{"line":45,"column":50}},"22":{"start":{"line":48,"column":2},"end":{"line":48,"column":70}},"23":{"start":{"line":49,"column":2},"end":{"line":49,"column":70}},"24":{"start":{"line":50,"column":2},"end":{"line":50,"column":16}},"25":{"start":{"line":53,"column":0},"end":{"line":53,"column":37}}},"fnMap":{"0":{"name":"_interopRequireDefault","decl":{"start":{"line":11,"column":9},"end":{"line":11,"column":31}},"loc":{"start":{"line":11,"column":37},"end":{"line":11,"column":95}},"line":11},"1":{"name":"momentDateSort","decl":{"start":{"line":13,"column":9},"end":{"line":13,"column":23}},"loc":{"start":{"line":13,"column":30},"end":{"line":28,"column":1}},"line":13},"2":{"name":"convertToMomentArr","decl":{"start":{"line":30,"column":9},"end":{"line":30,"column":27}},"loc":{"start":{"line":30,"column":60},"end":{"line":51,"column":1}},"line":30},"3":{"name":"sourceConverter","decl":{"start":{"line":33,"column":33},"end":{"line":33,"column":48}},"loc":{"start":{"line":33,"column":52},"end":{"line":39,"column":3}},"line":33},"4":{"name":"targetConverter","decl":{"start":{"line":40,"column":33},"end":{"line":40,"column":48}},"loc":{"start":{"line":40,"column":52},"end":{"line":46,"column":3}},"line":40}},"branchMap":{"0":{"loc":{"start":{"line":11,"column":46},"end":{"line":11,"column":92}},"type":"cond-expr","locations":[{"start":{"line":11,"column":70},"end":{"line":11,"column":73}},{"start":{"line":11,"column":76},"end":{"line":11,"column":92}}],"line":11},"1":{"loc":{"start":{"line":11,"column":46},"end":{"line":11,"column":67}},"type":"binary-expr","locations":[{"start":{"line":11,"column":46},"end":{"line":11,"column":49}},{"start":{"line":11,"column":53},"end":{"line":11,"column":67}}],"line":11},"2":{"loc":{"start":{"line":15,"column":2},"end":{"line":17,"column":3}},"type":"if","locations":[{"start":{"line":15,"column":2},"end":{"line":17,"column":3}},{"start":{"line":15,"column":2},"end":{"line":17,"column":3}}],"line":15},"3":{"loc":{"start":{"line":15,"column":6},"end":{"line":15,"column":84}},"type":"binary-expr","locations":[{"start":{"line":15,"column":6},"end":{"line":15,"column":43}},{"start":{"line":15,"column":47},"end":{"line":15,"column":84}}],"line":15},"4":{"loc":{"start":{"line":20,"column":2},"end":{"line":24,"column":3}},"type":"if","locations":[{"start":{"line":20,"column":2},"end":{"line":24,"column":3}},{"start":{"line":20,"column":2},"end":{"line":24,"column":3}}],"line":20},"5":{"loc":{"start":{"line":22,"column":9},"end":{"line":24,"column":3}},"type":"if","locations":[{"start":{"line":22,"column":9},"end":{"line":24,"column":3}},{"start":{"line":22,"column":9},"end":{"line":24,"column":3}}],"line":22},"6":{"loc":{"start":{"line":35,"column":4},"end":{"line":37,"column":5}},"type":"if","locations":[{"start":{"line":35,"column":4},"end":{"line":37,"column":5}},{"start":{"line":35,"column":4},"end":{"line":37,"column":5}}],"line":35},"7":{"loc":{"start":{"line":42,"column":4},"end":{"line":44,"column":5}},"type":"if","locations":[{"start":{"line":42,"column":4},"end":{"line":44,"column":5}},{"start":{"line":42,"column":4},"end":{"line":44,"column":5}}],"line":42}},"s":{"0":1,"1":1,"2":1,"3":1,"4":0,"5":0,"6":0,"7":0,"8":0,"9":0,"10":0,"11":6,"12":6,"13":4,"14":4,"15":1,"16":3,"17":6,"18":4,"19":4,"20":1,"21":3,"22":6,"23":6,"24":6,"25":1},"f":{"0":1,"1":0,"2":6,"3":4,"4":4},"b":{"0":[0,1],"1":[1,1],"2":[0,0],"3":[0,0],"4":[0,0],"5":[0,0],"6":[1,3],"7":[1,3]},"_coverageSchema":"332fd63041d2c1bcb487cc26dd0d5f7d97098a6c","hash":"0773bebe030dfc5c160e7fb4fcef6ddc2896be92","contentHash":"38360f0d2b5dbc0a6e815f62666926f0_11.4.1"},"/home/ubuntu/workspace/src/libs/dates/formatForOutput.js":{"path":"/home/ubuntu/workspace/src/libs/dates/formatForOutput.js","statementMap":{"0":{"start":{"line":3,"column":0},"end":{"line":5,"column":3}},"1":{"start":{"line":7,"column":22},"end":{"line":7,"column":48}},"2":{"start":{"line":9,"column":23},"end":{"line":9,"column":62}},"3":{"start":{"line":11,"column":21},"end":{"line":11,"column":49}},"4":{"start":{"line":13,"column":14},"end":{"line":13,"column":53}},"5":{"start":{"line":15,"column":40},"end":{"line":15,"column":267}},"6":{"start":{"line":15,"column":69},"end":{"line":15,"column":80}},"7":{"start":{"line":15,"column":103},"end":{"line":15,"column":105}},"8":{"start":{"line":15,"column":107},"end":{"line":15,"column":228}},"9":{"start":{"line":15,"column":126},"end":{"line":15,"column":226}},"10":{"start":{"line":15,"column":149},"end":{"line":15,"column":224}},"11":{"start":{"line":15,"column":201},"end":{"line":15,"column":224}},"12":{"start":{"line":15,"column":229},"end":{"line":15,"column":250}},"13":{"start":{"line":15,"column":251},"end":{"line":15,"column":265}},"14":{"start":{"line":17,"column":39},"end":{"line":17,"column":93}},"15":{"start":{"line":28,"column":15},"end":{"line":28,"column":23}},"16":{"start":{"line":29,"column":2},"end":{"line":31,"column":3}},"17":{"start":{"line":30,"column":4},"end":{"line":30,"column":25}},"18":{"start":{"line":33,"column":2},"end":{"line":39,"column":3}},"19":{"start":{"line":34,"column":4},"end":{"line":38,"column":5}},"20":{"start":{"line":35,"column":6},"end":{"line":37,"column":7}},"21":{"start":{"line":36,"column":8},"end":{"line":36,"column":45}},"22":{"start":{"line":41,"column":24},"end":{"line":41,"column":116}},"23":{"start":{"line":42,"column":24},"end":{"line":42,"column":116}},"24":{"start":{"line":43,"column":28},"end":{"line":43,"column":30}},"25":{"start":{"line":44,"column":28},"end":{"line":44,"column":30}},"26":{"start":{"line":46,"column":2},"end":{"line":50,"column":3}},"27":{"start":{"line":47,"column":4},"end":{"line":49,"column":5}},"28":{"start":{"line":48,"column":6},"end":{"line":48,"column":46}},"29":{"start":{"line":52,"column":2},"end":{"line":60,"column":3}},"30":{"start":{"line":53,"column":4},"end":{"line":55,"column":5}},"31":{"start":{"line":54,"column":6},"end":{"line":54,"column":46}},"32":{"start":{"line":57,"column":4},"end":{"line":59,"column":5}},"33":{"start":{"line":58,"column":6},"end":{"line":58,"column":168}},"34":{"start":{"line":63,"column":15},"end":{"line":63,"column":21}},"35":{"start":{"line":64,"column":2},"end":{"line":72,"column":3}},"36":{"start":{"line":65,"column":4},"end":{"line":65,"column":56}},"37":{"start":{"line":66,"column":9},"end":{"line":72,"column":3}},"38":{"start":{"line":67,"column":4},"end":{"line":67,"column":29}},"39":{"start":{"line":68,"column":9},"end":{"line":72,"column":3}},"40":{"start":{"line":69,"column":4},"end":{"line":69,"column":29}},"41":{"start":{"line":71,"column":4},"end":{"line":71,"column":18}},"42":{"start":{"line":74,"column":2},"end":{"line":74,"column":16}},"43":{"start":{"line":77,"column":0},"end":{"line":77,"column":34}}},"fnMap":{"0":{"name":"_interopRequireWildcard","decl":{"start":{"line":15,"column":9},"end":{"line":15,"column":32}},"loc":{"start":{"line":15,"column":38},"end":{"line":15,"column":269}},"line":15},"1":{"name":"_interopRequireDefault","decl":{"start":{"line":17,"column":9},"end":{"line":17,"column":31}},"loc":{"start":{"line":17,"column":37},"end":{"line":17,"column":95}},"line":17},"2":{"name":"formatForOutput","decl":{"start":{"line":26,"column":9},"end":{"line":26,"column":24}},"loc":{"start":{"line":26,"column":64},"end":{"line":75,"column":1}},"line":26}},"branchMap":{"0":{"loc":{"start":{"line":15,"column":40},"end":{"line":15,"column":267}},"type":"if","locations":[{"start":{"line":15,"column":40},"end":{"line":15,"column":267}},{"start":{"line":15,"column":40},"end":{"line":15,"column":267}}],"line":15},"1":{"loc":{"start":{"line":15,"column":44},"end":{"line":15,"column":65}},"type":"binary-expr","locations":[{"start":{"line":15,"column":44},"end":{"line":15,"column":47}},{"start":{"line":15,"column":51},"end":{"line":15,"column":65}}],"line":15},"2":{"loc":{"start":{"line":15,"column":107},"end":{"line":15,"column":228}},"type":"if","locations":[{"start":{"line":15,"column":107},"end":{"line":15,"column":228}},{"start":{"line":15,"column":107},"end":{"line":15,"column":228}}],"line":15},"3":{"loc":{"start":{"line":15,"column":149},"end":{"line":15,"column":224}},"type":"if","locations":[{"start":{"line":15,"column":149},"end":{"line":15,"column":224}},{"start":{"line":15,"column":149},"end":{"line":15,"column":224}}],"line":15},"4":{"loc":{"start":{"line":17,"column":46},"end":{"line":17,"column":92}},"type":"cond-expr","locations":[{"start":{"line":17,"column":70},"end":{"line":17,"column":73}},{"start":{"line":17,"column":76},"end":{"line":17,"column":92}}],"line":17},"5":{"loc":{"start":{"line":17,"column":46},"end":{"line":17,"column":67}},"type":"binary-expr","locations":[{"start":{"line":17,"column":46},"end":{"line":17,"column":49}},{"start":{"line":17,"column":53},"end":{"line":17,"column":67}}],"line":17},"6":{"loc":{"start":{"line":29,"column":2},"end":{"line":31,"column":3}},"type":"if","locations":[{"start":{"line":29,"column":2},"end":{"line":31,"column":3}},{"start":{"line":29,"column":2},"end":{"line":31,"column":3}}],"line":29},"7":{"loc":{"start":{"line":35,"column":6},"end":{"line":37,"column":7}},"type":"if","locations":[{"start":{"line":35,"column":6},"end":{"line":37,"column":7}},{"start":{"line":35,"column":6},"end":{"line":37,"column":7}}],"line":35},"8":{"loc":{"start":{"line":46,"column":2},"end":{"line":50,"column":3}},"type":"if","locations":[{"start":{"line":46,"column":2},"end":{"line":50,"column":3}},{"start":{"line":46,"column":2},"end":{"line":50,"column":3}}],"line":46},"9":{"loc":{"start":{"line":47,"column":4},"end":{"line":49,"column":5}},"type":"if","locations":[{"start":{"line":47,"column":4},"end":{"line":49,"column":5}},{"start":{"line":47,"column":4},"end":{"line":49,"column":5}}],"line":47},"10":{"loc":{"start":{"line":52,"column":2},"end":{"line":60,"column":3}},"type":"if","locations":[{"start":{"line":52,"column":2},"end":{"line":60,"column":3}},{"start":{"line":52,"column":2},"end":{"line":60,"column":3}}],"line":52},"11":{"loc":{"start":{"line":53,"column":4},"end":{"line":55,"column":5}},"type":"if","locations":[{"start":{"line":53,"column":4},"end":{"line":55,"column":5}},{"start":{"line":53,"column":4},"end":{"line":55,"column":5}}],"line":53},"12":{"loc":{"start":{"line":57,"column":4},"end":{"line":59,"column":5}},"type":"if","locations":[{"start":{"line":57,"column":4},"end":{"line":59,"column":5}},{"start":{"line":57,"column":4},"end":{"line":59,"column":5}}],"line":57},"13":{"loc":{"start":{"line":57,"column":8},"end":{"line":57,"column":64}},"type":"binary-expr","locations":[{"start":{"line":57,"column":8},"end":{"line":57,"column":34}},{"start":{"line":57,"column":38},"end":{"line":57,"column":64}}],"line":57},"14":{"loc":{"start":{"line":64,"column":2},"end":{"line":72,"column":3}},"type":"if","locations":[{"start":{"line":64,"column":2},"end":{"line":72,"column":3}},{"start":{"line":64,"column":2},"end":{"line":72,"column":3}}],"line":64},"15":{"loc":{"start":{"line":64,"column":6},"end":{"line":64,"column":44}},"type":"binary-expr","locations":[{"start":{"line":64,"column":6},"end":{"line":64,"column":23}},{"start":{"line":64,"column":27},"end":{"line":64,"column":44}}],"line":64},"16":{"loc":{"start":{"line":66,"column":9},"end":{"line":72,"column":3}},"type":"if","locations":[{"start":{"line":66,"column":9},"end":{"line":72,"column":3}},{"start":{"line":66,"column":9},"end":{"line":72,"column":3}}],"line":66},"17":{"loc":{"start":{"line":66,"column":13},"end":{"line":66,"column":53}},"type":"binary-expr","locations":[{"start":{"line":66,"column":13},"end":{"line":66,"column":30}},{"start":{"line":66,"column":34},"end":{"line":66,"column":53}}],"line":66},"18":{"loc":{"start":{"line":68,"column":9},"end":{"line":72,"column":3}},"type":"if","locations":[{"start":{"line":68,"column":9},"end":{"line":72,"column":3}},{"start":{"line":68,"column":9},"end":{"line":72,"column":3}}],"line":68},"19":{"loc":{"start":{"line":68,"column":13},"end":{"line":68,"column":53}},"type":"binary-expr","locations":[{"start":{"line":68,"column":13},"end":{"line":68,"column":32}},{"start":{"line":68,"column":36},"end":{"line":68,"column":53}}],"line":68}},"s":{"0":1,"1":1,"2":1,"3":1,"4":1,"5":1,"6":1,"7":0,"8":0,"9":0,"10":0,"11":0,"12":0,"13":0,"14":1,"15":6,"16":6,"17":2,"18":6,"19":12,"20":2,"21":0,"22":6,"23":6,"24":6,"25":6,"26":6,"27":4,"28":0,"29":6,"30":4,"31":0,"32":4,"33":0,"34":6,"35":6,"36":0,"37":6,"38":1,"39":5,"40":1,"41":4,"42":6,"43":1},"f":{"0":1,"1":1,"2":6},"b":{"0":[1,0],"1":[1,1],"2":[0,0],"3":[0,0],"4":[0,1],"5":[1,1],"6":[2,4],"7":[0,2],"8":[4,2],"9":[0,4],"10":[4,2],"11":[0,4],"12":[0,4],"13":[4,4],"14":[0,6],"15":[6,1],"16":[1,5],"17":[6,1],"18":[1,4],"19":[5,5]},"_coverageSchema":"332fd63041d2c1bcb487cc26dd0d5f7d97098a6c","hash":"b5a68d72189482a4fe5208cfb5f7428a9f1bef17","contentHash":"77f96096a85945f4f1a38bb1903a2d8d_11.4.1"},"/home/ubuntu/workspace/src/libs/dates/comparedates-tz.js":{"path":"/home/ubuntu/workspace/src/libs/dates/comparedates-tz.js","statementMap":{"0":{"start":{"line":3,"column":0},"end":{"line":5,"column":3}},"1":{"start":{"line":7,"column":21},"end":{"line":7,"column":663}},"2":{"start":{"line":7,"column":79},"end":{"line":7,"column":81}},"3":{"start":{"line":7,"column":92},"end":{"line":7,"column":96}},"4":{"start":{"line":7,"column":107},"end":{"line":7,"column":112}},"5":{"start":{"line":7,"column":123},"end":{"line":7,"column":132}},"6":{"start":{"line":7,"column":134},"end":{"line":7,"column":413}},"7":{"start":{"line":7,"column":140},"end":{"line":7,"column":283}},"8":{"start":{"line":7,"column":226},"end":{"line":7,"column":246}},"9":{"start":{"line":7,"column":247},"end":{"line":7,"column":281}},"10":{"start":{"line":7,"column":275},"end":{"line":7,"column":281}},"11":{"start":{"line":7,"column":300},"end":{"line":7,"column":310}},"12":{"start":{"line":7,"column":311},"end":{"line":7,"column":320}},"13":{"start":{"line":7,"column":333},"end":{"line":7,"column":411}},"14":{"start":{"line":7,"column":339},"end":{"line":7,"column":379}},"15":{"start":{"line":7,"column":364},"end":{"line":7,"column":379}},"16":{"start":{"line":7,"column":392},"end":{"line":7,"column":409}},"17":{"start":{"line":7,"column":400},"end":{"line":7,"column":409}},"18":{"start":{"line":7,"column":414},"end":{"line":7,"column":426}},"19":{"start":{"line":7,"column":429},"end":{"line":7,"column":659}},"20":{"start":{"line":7,"column":456},"end":{"line":7,"column":656}},"21":{"start":{"line":7,"column":482},"end":{"line":7,"column":493}},"22":{"start":{"line":7,"column":501},"end":{"line":7,"column":656}},"23":{"start":{"line":7,"column":539},"end":{"line":7,"column":568}},"24":{"start":{"line":7,"column":578},"end":{"line":7,"column":654}},"25":{"start":{"line":9,"column":21},"end":{"line":9,"column":49}},"26":{"start":{"line":11,"column":14},"end":{"line":11,"column":53}},"27":{"start":{"line":13,"column":19},"end":{"line":13,"column":44}},"28":{"start":{"line":15,"column":12},"end":{"line":15,"column":49}},"29":{"start":{"line":17,"column":26},"end":{"line":17,"column":57}},"30":{"start":{"line":19,"column":27},"end":{"line":19,"column":70}},"31":{"start":{"line":21,"column":23},"end":{"line":21,"column":51}},"32":{"start":{"line":23,"column":24},"end":{"line":23,"column":64}},"33":{"start":{"line":25,"column":39},"end":{"line":25,"column":93}},"34":{"start":{"line":27,"column":40},"end":{"line":27,"column":267}},"35":{"start":{"line":27,"column":69},"end":{"line":27,"column":80}},"36":{"start":{"line":27,"column":103},"end":{"line":27,"column":105}},"37":{"start":{"line":27,"column":107},"end":{"line":27,"column":228}},"38":{"start":{"line":27,"column":126},"end":{"line":27,"column":226}},"39":{"start":{"line":27,"column":149},"end":{"line":27,"column":224}},"40":{"start":{"line":27,"column":201},"end":{"line":27,"column":224}},"41":{"start":{"line":27,"column":229},"end":{"line":27,"column":250}},"42":{"start":{"line":27,"column":251},"end":{"line":27,"column":265}},"43":{"start":{"line":30,"column":2},"end":{"line":35,"column":3}},"44":{"start":{"line":31,"column":4},"end":{"line":31,"column":49}},"45":{"start":{"line":32,"column":4},"end":{"line":32,"column":49}},"46":{"start":{"line":33,"column":4},"end":{"line":33,"column":72}},"47":{"start":{"line":34,"column":4},"end":{"line":34,"column":32}},"48":{"start":{"line":37,"column":15},"end":{"line":37,"column":19}},"49":{"start":{"line":40,"column":17},"end":{"line":40,"column":60}},"50":{"start":{"line":41,"column":17},"end":{"line":41,"column":60}},"51":{"start":{"line":45,"column":30},"end":{"line":45,"column":93}},"52":{"start":{"line":46,"column":31},"end":{"line":46,"column":71}},"53":{"start":{"line":47,"column":20},"end":{"line":47,"column":45}},"54":{"start":{"line":48,"column":20},"end":{"line":48,"column":45}},"55":{"start":{"line":50,"column":2},"end":{"line":50,"column":52}},"56":{"start":{"line":51,"column":2},"end":{"line":51,"column":52}},"57":{"start":{"line":54,"column":20},"end":{"line":54,"column":97}},"58":{"start":{"line":55,"column":19},"end":{"line":55,"column":99}},"59":{"start":{"line":58,"column":2},"end":{"line":58,"column":56}},"60":{"start":{"line":61,"column":18},"end":{"line":61,"column":83}},"61":{"start":{"line":67,"column":2},"end":{"line":76,"column":3}},"62":{"start":{"line":68,"column":4},"end":{"line":75,"column":5}},"63":{"start":{"line":69,"column":6},"end":{"line":74,"column":7}},"64":{"start":{"line":71,"column":8},"end":{"line":71,"column":34}},"65":{"start":{"line":72,"column":8},"end":{"line":72,"column":34}},"66":{"start":{"line":73,"column":8},"end":{"line":73,"column":14}},"67":{"start":{"line":79,"column":2},"end":{"line":79,"column":87}},"68":{"start":{"line":81,"column":2},"end":{"line":81,"column":32}},"69":{"start":{"line":84,"column":0},"end":{"line":84,"column":33}}},"fnMap":{"0":{"name":"(anonymous_0)","decl":{"start":{"line":7,"column":21},"end":{"line":7,"column":22}},"loc":{"start":{"line":7,"column":33},"end":{"line":7,"column":661}},"line":7},"1":{"name":"sliceIterator","decl":{"start":{"line":7,"column":44},"end":{"line":7,"column":57}},"loc":{"start":{"line":7,"column":66},"end":{"line":7,"column":428}},"line":7},"2":{"name":"(anonymous_2)","decl":{"start":{"line":7,"column":436},"end":{"line":7,"column":437}},"loc":{"start":{"line":7,"column":454},"end":{"line":7,"column":658}},"line":7},"3":{"name":"_interopRequireDefault","decl":{"start":{"line":25,"column":9},"end":{"line":25,"column":31}},"loc":{"start":{"line":25,"column":37},"end":{"line":25,"column":95}},"line":25},"4":{"name":"_interopRequireWildcard","decl":{"start":{"line":27,"column":9},"end":{"line":27,"column":32}},"loc":{"start":{"line":27,"column":38},"end":{"line":27,"column":269}},"line":27},"5":{"name":"compareDatesTz","decl":{"start":{"line":29,"column":9},"end":{"line":29,"column":23}},"loc":{"start":{"line":29,"column":68},"end":{"line":82,"column":1}},"line":29}},"branchMap":{"0":{"loc":{"start":{"line":7,"column":247},"end":{"line":7,"column":281}},"type":"if","locations":[{"start":{"line":7,"column":247},"end":{"line":7,"column":281}},{"start":{"line":7,"column":247},"end":{"line":7,"column":281}}],"line":7},"1":{"loc":{"start":{"line":7,"column":251},"end":{"line":7,"column":273}},"type":"binary-expr","locations":[{"start":{"line":7,"column":251},"end":{"line":7,"column":252}},{"start":{"line":7,"column":256},"end":{"line":7,"column":273}}],"line":7},"2":{"loc":{"start":{"line":7,"column":339},"end":{"line":7,"column":379}},"type":"if","locations":[{"start":{"line":7,"column":339},"end":{"line":7,"column":379}},{"start":{"line":7,"column":339},"end":{"line":7,"column":379}}],"line":7},"3":{"loc":{"start":{"line":7,"column":343},"end":{"line":7,"column":362}},"type":"binary-expr","locations":[{"start":{"line":7,"column":343},"end":{"line":7,"column":346}},{"start":{"line":7,"column":350},"end":{"line":7,"column":362}}],"line":7},"4":{"loc":{"start":{"line":7,"column":392},"end":{"line":7,"column":409}},"type":"if","locations":[{"start":{"line":7,"column":392},"end":{"line":7,"column":409}},{"start":{"line":7,"column":392},"end":{"line":7,"column":409}}],"line":7},"5":{"loc":{"start":{"line":7,"column":456},"end":{"line":7,"column":656}},"type":"if","locations":[{"start":{"line":7,"column":456},"end":{"line":7,"column":656}},{"start":{"line":7,"column":456},"end":{"line":7,"column":656}}],"line":7},"6":{"loc":{"start":{"line":7,"column":501},"end":{"line":7,"column":656}},"type":"if","locations":[{"start":{"line":7,"column":501},"end":{"line":7,"column":656}},{"start":{"line":7,"column":501},"end":{"line":7,"column":656}}],"line":7},"7":{"loc":{"start":{"line":25,"column":46},"end":{"line":25,"column":92}},"type":"cond-expr","locations":[{"start":{"line":25,"column":70},"end":{"line":25,"column":73}},{"start":{"line":25,"column":76},"end":{"line":25,"column":92}}],"line":25},"8":{"loc":{"start":{"line":25,"column":46},"end":{"line":25,"column":67}},"type":"binary-expr","locations":[{"start":{"line":25,"column":46},"end":{"line":25,"column":49}},{"start":{"line":25,"column":53},"end":{"line":25,"column":67}}],"line":25},"9":{"loc":{"start":{"line":27,"column":40},"end":{"line":27,"column":267}},"type":"if","locations":[{"start":{"line":27,"column":40},"end":{"line":27,"column":267}},{"start":{"line":27,"column":40},"end":{"line":27,"column":267}}],"line":27},"10":{"loc":{"start":{"line":27,"column":44},"end":{"line":27,"column":65}},"type":"binary-expr","locations":[{"start":{"line":27,"column":44},"end":{"line":27,"column":47}},{"start":{"line":27,"column":51},"end":{"line":27,"column":65}}],"line":27},"11":{"loc":{"start":{"line":27,"column":107},"end":{"line":27,"column":228}},"type":"if","locations":[{"start":{"line":27,"column":107},"end":{"line":27,"column":228}},{"start":{"line":27,"column":107},"end":{"line":27,"column":228}}],"line":27},"12":{"loc":{"start":{"line":27,"column":149},"end":{"line":27,"column":224}},"type":"if","locations":[{"start":{"line":27,"column":149},"end":{"line":27,"column":224}},{"start":{"line":27,"column":149},"end":{"line":27,"column":224}}],"line":27},"13":{"loc":{"start":{"line":30,"column":2},"end":{"line":35,"column":3}},"type":"if","locations":[{"start":{"line":30,"column":2},"end":{"line":35,"column":3}},{"start":{"line":30,"column":2},"end":{"line":35,"column":3}}],"line":30},"14":{"loc":{"start":{"line":40,"column":17},"end":{"line":40,"column":60}},"type":"binary-expr","locations":[{"start":{"line":40,"column":17},"end":{"line":40,"column":44}},{"start":{"line":40,"column":48},"end":{"line":40,"column":60}}],"line":40},"15":{"loc":{"start":{"line":41,"column":17},"end":{"line":41,"column":60}},"type":"binary-expr","locations":[{"start":{"line":41,"column":17},"end":{"line":41,"column":44}},{"start":{"line":41,"column":48},"end":{"line":41,"column":60}}],"line":41},"16":{"loc":{"start":{"line":69,"column":6},"end":{"line":74,"column":7}},"type":"if","locations":[{"start":{"line":69,"column":6},"end":{"line":74,"column":7}},{"start":{"line":69,"column":6},"end":{"line":74,"column":7}}],"line":69}},"s":{"0":1,"1":1,"2":0,"3":0,"4":0,"5":0,"6":0,"7":0,"8":0,"9":0,"10":0,"11":0,"12":0,"13":0,"14":0,"15":0,"16":0,"17":0,"18":0,"19":1,"20":2,"21":2,"22":0,"23":0,"24":0,"25":1,"26":1,"27":1,"28":1,"29":1,"30":1,"31":1,"32":1,"33":2,"34":2,"35":2,"36":0,"37":0,"38":0,"39":0,"40":0,"41":0,"42":0,"43":3,"44":1,"45":1,"46":1,"47":1,"48":2,"49":2,"50":2,"51":2,"52":2,"53":2,"54":2,"55":2,"56":2,"57":2,"58":2,"59":2,"60":2,"61":2,"62":1,"63":1,"64":1,"65":1,"66":1,"67":2,"68":2,"69":1},"f":{"0":1,"1":0,"2":2,"3":2,"4":2,"5":3},"b":{"0":[0,0],"1":[0,0],"2":[0,0],"3":[0,0],"4":[0,0],"5":[2,0],"6":[0,0],"7":[2,0],"8":[2,2],"9":[2,0],"10":[2,2],"11":[0,0],"12":[0,0],"13":[1,2],"14":[2,0],"15":[2,0],"16":[1,0]},"_coverageSchema":"332fd63041d2c1bcb487cc26dd0d5f7d97098a6c","hash":"3c962e5e33af8e24ee64a6f25987fe59c01fde41","contentHash":"8e6a5b58629e57c80fe5d99a58c5e67c_11.4.1"},"/home/ubuntu/workspace/src/libs/doublespaces.js":{"path":"/home/ubuntu/workspace/src/libs/doublespaces.js","statementMap":{"0":{"start":{"line":3,"column":0},"end":{"line":5,"column":3}},"1":{"start":{"line":7,"column":15},"end":{"line":7,"column":19}},"2":{"start":{"line":8,"column":12},"end":{"line":8,"column":35}},"3":{"start":{"line":9,"column":2},"end":{"line":11,"column":3}},"4":{"start":{"line":10,"column":4},"end":{"line":10,"column":40}},"5":{"start":{"line":13,"column":2},"end":{"line":13,"column":32}},"6":{"start":{"line":16,"column":0},"end":{"line":16,"column":35}}},"fnMap":{"0":{"name":"findDoubleSpaces","decl":{"start":{"line":6,"column":9},"end":{"line":6,"column":25}},"loc":{"start":{"line":6,"column":70},"end":{"line":14,"column":1}},"line":6}},"branchMap":{"0":{"loc":{"start":{"line":9,"column":2},"end":{"line":11,"column":3}},"type":"if","locations":[{"start":{"line":9,"column":2},"end":{"line":11,"column":3}},{"start":{"line":9,"column":2},"end":{"line":11,"column":3}}],"line":9}},"s":{"0":1,"1":14,"2":14,"3":14,"4":5,"5":14,"6":1},"f":{"0":14},"b":{"0":[5,9]},"_coverageSchema":"332fd63041d2c1bcb487cc26dd0d5f7d97098a6c","hash":"7316b4eb519f2543043f96dc4aae52480500fe8d","contentHash":"fee98fea6c9ae10684522010f902a499_11.4.1"},"/home/ubuntu/workspace/src/libs/checks-language.js":{"path":"/home/ubuntu/workspace/src/libs/checks-language.js","statementMap":{"0":{"start":{"line":3,"column":0},"end":{"line":5,"column":3}},"1":{"start":{"line":6,"column":0},"end":{"line":6,"column":102}},"2":{"start":{"line":8,"column":21},"end":{"line":8,"column":48}},"3":{"start":{"line":10,"column":14},"end":{"line":10,"column":53}},"4":{"start":{"line":12,"column":40},"end":{"line":12,"column":267}},"5":{"start":{"line":12,"column":69},"end":{"line":12,"column":80}},"6":{"start":{"line":12,"column":103},"end":{"line":12,"column":105}},"7":{"start":{"line":12,"column":107},"end":{"line":12,"column":228}},"8":{"start":{"line":12,"column":126},"end":{"line":12,"column":226}},"9":{"start":{"line":12,"column":149},"end":{"line":12,"column":224}},"10":{"start":{"line":12,"column":201},"end":{"line":12,"column":224}},"11":{"start":{"line":12,"column":229},"end":{"line":12,"column":250}},"12":{"start":{"line":12,"column":251},"end":{"line":12,"column":265}},"13":{"start":{"line":16,"column":16},"end":{"line":20,"column":11}},"14":{"start":{"line":22,"column":19},"end":{"line":22,"column":21}},"15":{"start":{"line":24,"column":2},"end":{"line":29,"column":3}},"16":{"start":{"line":25,"column":4},"end":{"line":28,"column":5}},"17":{"start":{"line":26,"column":14},"end":{"line":26,"column":62}},"18":{"start":{"line":27,"column":6},"end":{"line":27,"column":25}},"19":{"start":{"line":31,"column":15},"end":{"line":31,"column":19}},"20":{"start":{"line":33,"column":2},"end":{"line":35,"column":3}},"21":{"start":{"line":34,"column":4},"end":{"line":34,"column":100}},"22":{"start":{"line":37,"column":2},"end":{"line":37,"column":32}},"23":{"start":{"line":41,"column":15},"end":{"line":41,"column":19}},"24":{"start":{"line":42,"column":12},"end":{"line":42,"column":18}},"25":{"start":{"line":44,"column":2},"end":{"line":50,"column":3}},"26":{"start":{"line":45,"column":18},"end":{"line":45,"column":44}},"27":{"start":{"line":46,"column":4},"end":{"line":46,"column":100}},"28":{"start":{"line":47,"column":4},"end":{"line":49,"column":5}},"29":{"start":{"line":48,"column":6},"end":{"line":48,"column":65}},"30":{"start":{"line":52,"column":2},"end":{"line":52,"column":112}},"31":{"start":{"line":53,"column":2},"end":{"line":55,"column":3}},"32":{"start":{"line":54,"column":4},"end":{"line":54,"column":63}},"33":{"start":{"line":57,"column":2},"end":{"line":57,"column":32}},"34":{"start":{"line":61,"column":2},"end":{"line":63,"column":3}},"35":{"start":{"line":62,"column":4},"end":{"line":62,"column":16}},"36":{"start":{"line":66,"column":2},"end":{"line":72,"column":3}},"37":{"start":{"line":67,"column":12},"end":{"line":67,"column":30}},"38":{"start":{"line":68,"column":12},"end":{"line":68,"column":30}},"39":{"start":{"line":69,"column":4},"end":{"line":71,"column":5}},"40":{"start":{"line":70,"column":6},"end":{"line":70,"column":19}},"41":{"start":{"line":74,"column":2},"end":{"line":74,"column":14}},"42":{"start":{"line":78,"column":18},"end":{"line":78,"column":20}},"43":{"start":{"line":79,"column":19},"end":{"line":79,"column":21}},"44":{"start":{"line":82,"column":2},"end":{"line":84,"column":3}},"45":{"start":{"line":83,"column":4},"end":{"line":83,"column":68}},"46":{"start":{"line":86,"column":2},"end":{"line":88,"column":3}},"47":{"start":{"line":87,"column":4},"end":{"line":87,"column":64}},"48":{"start":{"line":89,"column":2},"end":{"line":91,"column":3}},"49":{"start":{"line":90,"column":4},"end":{"line":90,"column":67}},"50":{"start":{"line":94,"column":11},"end":{"line":94,"column":66}},"51":{"start":{"line":95,"column":17},"end":{"line":95,"column":58}},"52":{"start":{"line":97,"column":2},"end":{"line":99,"column":3}},"53":{"start":{"line":98,"column":4},"end":{"line":98,"column":32}},"54":{"start":{"line":101,"column":12},"end":{"line":101,"column":18}},"55":{"start":{"line":103,"column":2},"end":{"line":112,"column":3}},"56":{"start":{"line":104,"column":4},"end":{"line":104,"column":47}},"57":{"start":{"line":105,"column":4},"end":{"line":111,"column":5}},"58":{"start":{"line":106,"column":6},"end":{"line":106,"column":58}},"59":{"start":{"line":107,"column":6},"end":{"line":107,"column":135}},"60":{"start":{"line":108,"column":11},"end":{"line":111,"column":5}},"61":{"start":{"line":109,"column":6},"end":{"line":109,"column":57}},"62":{"start":{"line":110,"column":6},"end":{"line":110,"column":135}},"63":{"start":{"line":114,"column":13},"end":{"line":114,"column":75}},"64":{"start":{"line":115,"column":13},"end":{"line":115,"column":76}},"65":{"start":{"line":116,"column":17},"end":{"line":116,"column":41}},"66":{"start":{"line":118,"column":15},"end":{"line":118,"column":19}},"67":{"start":{"line":120,"colu
[...]
e":65,"column":3}},"48":{"start":{"line":69,"column":17},"end":{"line":69,"column":42}},"49":{"start":{"line":70,"column":2},"end":{"line":87,"column":5}},"50":{"start":{"line":72,"column":4},"end":{"line":72,"column":42}},"51":{"start":{"line":74,"column":31},"end":{"line":74,"column":138}},"52":{"start":{"line":75,"column":32},"end":{"line":75,"column":71}},"53":{"start":{"line":76,"column":14},"end":{"line":76,"column":38}},"54":{"start":{"line":77,"column":14},"end":{"line":77,"column":38}},"55":{"start":{"line":82,"column":4},"end":{"line":82,"column":23}},"56":{"start":{"line":84,"column":4},"end":{"line":86,"column":5}},"57":{"start":{"line":85,"column":6},"end":{"line":85,"column":29}},"58":{"start":{"line":89,"column":2},"end":{"line":89,"column":22}},"59":{"start":{"line":94,"column":26},"end":{"line":94,"column":68}},"60":{"start":{"line":96,"column":26},"end":{"line":96,"column":65}},"61":{"start":{"line":98,"column":2},"end":{"line":98,"column":67}},"62":{"start":{"line":101,"column":0},"end":{"line":101,"column":20}},"63":{"start":{"line":102,"column":0},"end":{"line":102,"column":53}},"64":{"start":{"line":103,"column":0},"end":{"line":103,"column":75}},"65":{"start":{"line":104,"column":0},"end":{"line":104,"column":69}},"66":{"start":{"line":105,"column":0},"end":{"line":105,"column":53}}},"fnMap":{"0":{"name":"(anonymous_0)","decl":{"start":{"line":8,"column":21},"end":{"line":8,"column":22}},"loc":{"start":{"line":8,"column":33},"end":{"line":8,"column":661}},"line":8},"1":{"name":"sliceIterator","decl":{"start":{"line":8,"column":44},"end":{"line":8,"column":57}},"loc":{"start":{"line":8,"column":66},"end":{"line":8,"column":428}},"line":8},"2":{"name":"(anonymous_2)","decl":{"start":{"line":8,"column":436},"end":{"line":8,"column":437}},"loc":{"start":{"line":8,"column":454},"end":{"line":8,"column":658}},"line":8},"3":{"name":"_interopRequireDefault","decl":{"start":{"line":24,"column":9},"end":{"line":24,"column":31}},"loc":{"start":{"line":24,"column":37},"end":{"line":24,"column":95}},"line":24},"4":{"name":"singleSegmentChecks","decl":{"start":{"line":26,"column":9},"end":{"line":26,"column":28}},"loc":{"start":{"line":26,"column":73},"end":{"line":59,"column":1}},"line":26},"5":{"name":"(anonymous_5)","decl":{"start":{"line":44,"column":28},"end":{"line":44,"column":29}},"loc":{"start":{"line":44,"column":44},"end":{"line":56,"column":3}},"line":44},"6":{"name":"startScan","decl":{"start":{"line":61,"column":9},"end":{"line":61,"column":18}},"loc":{"start":{"line":61,"column":57},"end":{"line":90,"column":1}},"line":61},"7":{"name":"(anonymous_7)","decl":{"start":{"line":70,"column":19},"end":{"line":70,"column":20}},"loc":{"start":{"line":70,"column":38},"end":{"line":87,"column":3}},"line":70},"8":{"name":"scan","decl":{"start":{"line":92,"column":9},"end":{"line":92,"column":13}},"loc":{"start":{"line":92,"column":52},"end":{"line":99,"column":1}},"line":92}},"branchMap":{"0":{"loc":{"start":{"line":8,"column":247},"end":{"line":8,"column":281}},"type":"if","locations":[{"start":{"line":8,"column":247},"end":{"line":8,"column":281}},{"start":{"line":8,"column":247},"end":{"line":8,"column":281}}],"line":8},"1":{"loc":{"start":{"line":8,"column":251},"end":{"line":8,"column":273}},"type":"binary-expr","locations":[{"start":{"line":8,"column":251},"end":{"line":8,"column":252}},{"start":{"line":8,"column":256},"end":{"line":8,"column":273}}],"line":8},"2":{"loc":{"start":{"line":8,"column":339},"end":{"line":8,"column":379}},"type":"if","locations":[{"start":{"line":8,"column":339},"end":{"line":8,"column":379}},{"start":{"line":8,"column":339},"end":{"line":8,"column":379}}],"line":8},"3":{"loc":{"start":{"line":8,"column":343},"end":{"line":8,"column":362}},"type":"binary-expr","locations":[{"start":{"line":8,"column":343},"end":{"line":8,"column":346}},{"start":{"line":8,"column":350},"end":{"line":8,"column":362}}],"line":8},"4":{"loc":{"start":{"line":8,"column":392},"end":{"line":8,"column":409}},"type":"if","locations":[{"start":{"line":8,"column":392},"end":{"line":8,"column":409}},{"start":{"line":8,"column":392},"end":{"line":8,"column":409}}],"line":8},"5":{"loc":{"start":{"line":8,"column":456},"end":{"line":8,"column":656}},"type":"if","locations":[{"start":{"line":8,"column":456},"end":{"line":8,"column":656}},{"start":{"line":8,"column":456},"end":{"line":8,"column":656}}],"line":8},"6":{"loc":{"start":{"line":8,"column":501},"end":{"line":8,"column":656}},"type":"if","locations":[{"start":{"line":8,"column":501},"end":{"line":8,"column":656}},{"start":{"line":8,"column":501},"end":{"line":8,"column":656}}],"line":8},"7":{"loc":{"start":{"line":24,"column":46},"end":{"line":24,"column":92}},"type":"cond-expr","locations":[{"start":{"line":24,"column":70},"end":{"line":24,"column":73}},{"start":{"line":24,"column":76},"end":{"line":24,"column":92}}],"line":24},"8":{"loc":{"start":{"line":24,"column":46},"end":{"line":24,"column":67}},"type":"binary-expr","locations":[{"start":{"line":24,"column":46},"end":{"line":24,"column":49}},{"start":{"line":24,"column":53},"end":{"line":24,"column":67}}],"line":24},"9":{"loc":{"start":{"line":84,"column":4},"end":{"line":86,"column":5}},"type":"if","locations":[{"start":{"line":84,"column":4},"end":{"line":86,"column":5}},{"start":{"line":84,"column":4},"end":{"line":86,"column":5}}],"line":84}},"s":{"0":1,"1":1,"2":1,"3":0,"4":0,"5":0,"6":0,"7":0,"8":0,"9":0,"10":0,"11":0,"12":0,"13":0,"14":0,"15":0,"16":0,"17":0,"18":0,"19":0,"20":1,"21":250,"22":250,"23":0,"24":0,"25":0,"26":1,"27":1,"28":1,"29":1,"30":1,"31":1,"32":1,"33":3,"34":10,"35":10,"36":10,"37":120,"38":120,"39":120,"40":120,"41":120,"42":120,"43":120,"44":120,"45":120,"46":10,"47":2,"48":2,"49":2,"50":10,"51":10,"52":10,"53":10,"54":10,"55":10,"56":10,"57":10,"58":2,"59":2,"60":2,"61":2,"62":1,"63":1,"64":1,"65":1,"66":1},"f":{"0":1,"1":0,"2":250,"3":3,"4":10,"5":120,"6":2,"7":10,"8":2},"b":{"0":[0,0],"1":[0,0],"2":[0,0],"3":[0,0],"4":[0,0],"5":[250,0],"6":[0,0],"7":[3,0],"8":[3,3],"9":[10,0]},"_coverageSchema":"332fd63041d2c1bcb487cc26dd0d5f7d97098a6c","hash":"129d224ea2f2cecd2fb74838c6c52dc6d18be00d","contentHash":"2962b416930dfe1c70b8513f26b11664_11.4.1"},"/home/ubuntu/workspace/src/verifyOptions.js":{"path":"/home/ubuntu/workspace/src/verifyOptions.js","statementMap":{"0":{"start":{"line":3,"column":0},"end":{"line":5,"column":3}},"1":{"start":{"line":7,"column":14},"end":{"line":7,"column":268}},"2":{"start":{"line":7,"column":101},"end":{"line":7,"column":119}},"3":{"start":{"line":7,"column":141},"end":{"line":7,"column":266}},"4":{"start":{"line":9,"column":21},"end":{"line":9,"column":53}},"5":{"start":{"line":11,"column":19},"end":{"line":11,"column":43}},"6":{"start":{"line":13,"column":20},"end":{"line":13,"column":56}},"7":{"start":{"line":15,"column":39},"end":{"line":15,"column":93}},"8":{"start":{"line":18,"column":17},"end":{"line":18,"column":21}},"9":{"start":{"line":19,"column":2},"end":{"line":22,"column":3}},"10":{"start":{"line":20,"column":4},"end":{"line":20,"column":100}},"11":{"start":{"line":21,"column":4},"end":{"line":21,"column":18}},"12":{"start":{"line":24,"column":13},"end":{"line":24,"column":34}},"13":{"start":{"line":26,"column":2},"end":{"line":28,"column":3}},"14":{"start":{"line":27,"column":4},"end":{"line":27,"column":32}},"15":{"start":{"line":29,"column":2},"end":{"line":31,"column":3}},"16":{"start":{"line":30,"column":4},"end":{"line":30,"column":34}},"17":{"start":{"line":33,"column":2},"end":{"line":33,"column":18}},"18":{"start":{"line":38,"column":2},"end":{"line":41,"column":3}},"19":{"start":{"line":39,"column":4},"end":{"line":39,"column":92}},"20":{"start":{"line":40,"column":4},"end":{"line":40,"column":33}},"21":{"start":{"line":45,"column":2},"end":{"line":50,"column":3}},"22":{"start":{"line":46,"column":4},"end":{"line":46,"column":33}},"23":{"start":{"line":47,"column":9},"end":{"line":50,"column":3}},"24":{"start":{"line":48,"column":4},"end":{"line":48,"column":106}},"25":{"start":{"line":49,"column":4},"end":{"line":49,"column":33}},"26":{"start":{"line":52,"column":2},"end":{"line":57,"column":3}},"27":{"start":{"line":53,"column":4},"end":{"line":53,"column":33}},"28":{"start":{"line":54,"column":9},"end":{"line":57,"column":3}},"29":{"start":{"line":55,"column":4},"end":{"line":55,"column":106}},"30":{"start":{"line":56,"column":4},"end":{"line":56,"column":33}},"31":{"start":{"line":59,"column":2},"end":{"line":59,"column":21}},"32":{"start":{"line":64,"column":2},"end":{"line":71,"column":3}},"33":{"start":{"line":65,"column":4},"end":{"line":65,"column":24}},"34":{"start":{"line":66,"column":9},"end":{"line":71,"column":3}},"35":{"start":{"line":67,"column":4},"end":{"line":67,"column":24}},"36":{"start":{"line":68,"column":9},"end":{"line":71,"column":3}},"37":{"start":{"line":69,"column":4},"end":{"line":69,"column":140}},"38":{"start":{"line":70,"column":4},"end":{"line":70,"column":24}},"39":{"start":{"line":72,"column":2},"end":{"line":72,"column":14}},"40":{"start":{"line":78,"column":2},"end":{"line":89,"column":3}},"41":{"start":{"line":79,"column":4},"end":{"line":79,"column":91}},"42":{"start":{"line":80,"column":25},"end":{"line":86,"column":5}},"43":{"start":{"line":88,"column":4},"end":{"line":88,"column":26}},"44":{"start":{"line":92,"column":2},"end":{"line":92,"column":55}},"45":{"start":{"line":93,"column":2},"end":{"line":93,"column":55}},"46":{"start":{"line":94,"column":2},"end":{"line":94,"column":66}},"47":{"start":{"line":95,"column":2},"end":{"line":95,"column":98}},"48":{"start":{"line":100,"column":2},"end":{"line":100,"column":17}},"49":{"start":{"line":103,"column":0},"end":{"line":103,"column":25}}},"fnMap":{"0":{"name":"(anonymous_0)","decl":{"start":{"line":7,"column":84},"end":{"line":7,"column":85}},"loc":{"start":{"line":7,"column":99},"end":{"line":7,"column":121}},"line":7},"1":{"name":"(anonymous_1)","decl":{"start":{"line":7,"column":124},"end":{"line":7,"column":125}},"loc":{"start":{"line":7,"column":139},"end":{"line":7,"column":268}},"line":7},"2":{"name":"_interopRequireDefault","decl":{"start":{"line":15,"column":9},"end":{"line":15,"column":31}},"loc":{"start":{"line":15,"column":37},"end":{"line":15,"column":95}},"line":15},"3":{"name":"vBannedWords","decl":{"start":{"line":17,"column":9},"end":{"line":17,"column":21}},"loc":{"start":{"line":17,"column":28},"end":{"line":34,"column":1}},"line":17},"4":{"name":"vDateFormats","decl":{"start":{"line":36,"column":9},"end":{"line":36,"column":21}},"loc":{"start":{"line":36,"column":59},"end":{"line":60,"column":1}},"line":36},"5":{"name":"vLang","decl":{"start":{"line":62,"column":9},"end":{"line":62,"column":14}},"loc":{"start":{"line":62,"column":35},"end":{"line":73,"column":1}},"line":62},"6":{"name":"verify","decl":{"start":{"line":75,"column":9},"end":{"line":75,"column":15}},"loc":{"start":{"line":75,"column":25},"end":{"line":101,"column":1}},"line":75}},"branchMap":{"0":{"loc":{"start":{"line":7,"column":14},"end":{"line":7,"column":268}},"type":"cond-expr","locations":[{"start":{"line":7,"column":84},"end":{"line":7,"column":121}},{"start":{"line":7,"column":124},"end":{"line":7,"column":268}}],"line":7},"1":{"loc":{"start":{"line":7,"column":14},"end":{"line":7,"column":81}},"type":"binary-expr","locations":[{"start":{"line":7,"column":14},"end":{"line":7,"column":42}},{"start":{"line":7,"column":46},"end":{"line":7,"column":81}}],"line":7},"2":{"loc":{"start":{"line":7,"column":148},"end":{"line":7,"column":265}},"type":"cond-expr","locations":[{"start":{"line":7,"column":244},"end":{"line":7,"column":252}},{"start":{"line":7,"column":255},"end":{"line":7,"column":265}}],"line":7},"3":{"loc":{"start":{"line":7,"column":148},"end":{"line":7,"column":241}},"type":"binary-expr","locations":[{"start":{"line":7,"column":148},"end":{"line":7,"column":151}},{"start":{"line":7,"column":155},"end":{"line":7,"column":183}},{"start":{"line":7,"column":187},"end":{"line":7,"column":213}},{"start":{"line":7,"column":217},"end":{"line":7,"column":241}}],"line":7},"4":{"loc":{"start":{"line":15,"column":46},"end":{"line":15,"column":92}},"type":"cond-expr","locations":[{"start":{"line":15,"column":70},"end":{"line":15,"column":73}},{"start":{"line":15,"column":76},"end":{"line":15,"column":92}}],"line":15},"5":{"loc":{"start":{"line":15,"column":46},"end":{"line":15,"column":67}},"type":"binary-expr","locations":[{"start":{"line":15,"column":46},"end":{"line":15,"column":49}},{"start":{"line":15,"column":53},"end":{"line":15,"column":67}}],"line":15},"6":{"loc":{"start":{"line":19,"column":2},"end":{"line":22,"column":3}},"type":"if","locations":[{"start":{"line":19,"column":2},"end":{"line":22,"column":3}},{"start":{"line":19,"column":2},"end":{"line":22,"column":3}}],"line":19},"7":{"loc":{"start":{"line":19,"column":6},"end":{"line":19,"column":134}},"type":"binary-expr","locations":[{"start":{"line":19,"column":6},"end":{"line":19,"column":86}},{"start":{"line":19,"column":90},"end":{"line":19,"column":113}},{"start":{"line":19,"column":117},"end":{"line":19,"column":134}}],"line":19},"8":{"loc":{"start":{"line":19,"column":7},"end":{"line":19,"column":72}},"type":"cond-expr","locations":[{"start":{"line":19,"column":41},"end":{"line":19,"column":52}},{"start":{"line":19,"column":55},"end":{"line":19,"column":72}}],"line":19},"9":{"loc":{"start":{"line":26,"column":2},"end":{"line":28,"column":3}},"type":"if","locations":[{"start":{"line":26,"column":2},"end":{"line":28,"column":3}},{"start":{"line":26,"column":2},"end":{"line":28,"column":3}}],"line":26},"10":{"loc":{"start":{"line":29,"column":2},"end":{"line":31,"column":3}},"type":"if","locations":[{"start":{"line":29,"column":2},"end":{"line":31,"column":3}},{"start":{"line":29,"column":2},"end":{"line":31,"column":3}}],"line":29},"11":{"loc":{"start":{"line":38,"column":2},"end":{"line":41,"column":3}},"type":"if","locations":[{"start":{"line":38,"column":2},"end":{"line":41,"column":3}},{"start":{"line":38,"column":2},"end":{"line":41,"column":3}}],"line":38},"12":{"loc":{"start":{"line":38,"column":6},"end":{"line":38,"column":146}},"type":"binary-expr","locations":[{"start":{"line":38,"column":6},"end":{"line":38,"column":92}},{"start":{"line":38,"column":96},"end":{"line":38,"column":122}},{"start":{"line":38,"column":126},"end":{"line":38,"column":146}}],"line":38},"13":{"loc":{"start":{"line":38,"column":7},"end":{"line":38,"column":78}},"type":"cond-expr","locations":[{"start":{"line":38,"column":44},"end":{"line":38,"column":55}},{"start":{"line":38,"column":58},"end":{"line":38,"column":78}}],"line":38},"14":{"loc":{"start":{"line":45,"column":2},"end":{"line":50,"column":3}},"type":"if","locations":[{"start":{"line":45,"column":2},"end":{"line":50,"column":3}},{"start":{"line":45,"column":2},"end":{"line":50,"column":3}}],"line":45},"15":{"loc":{"start":{"line":47,"column":9},"end":{"line":50,"column":3}},"type":"if","locations":[{"start":{"line":47,"column":9},"end":{"line":50,"column":3}},{"start":{"line":47,"column":9},"end":{"line":50,"column":3}}],"line":47},"16":{"loc":{"start":{"line":52,"column":2},"end":{"line":57,"column":3}},"type":"if","locations":[{"start":{"line":52,"column":2},"end":{"line":57,"column":3}},{"start":{"line":52,"column":2},"end":{"line":57,"column":3}}],"line":52},"17":{"loc":{"start":{"line":54,"column":9},"end":{"line":57,"column":3}},"type":"if","locations":[{"start":{"line":54,"column":9},"end":{"line":57,"column":3}},{"start":{"line":54,"column":9},"end":{"line":57,"column":3}}],"line":54},"18":{"loc":{"start":{"line":64,"column":2},"end":{"line":71,"column":3}},"type":"if","locations":[{"start":{"line":64,"column":2},"end":{"line":71,"column":3}},{"start":{"line":64,"column":2},"end":{"line":71,"column":3}}],"line":64},"19":{"loc":{"start":{"line":66,"column":9},"end":{"line":71,"column":3}},"type":"if","locations":[{"start":{"line":66,"column":9},"end":{"line":71,"column":3}},{"start":{"line":66,"column":9},"end":{"line":71,"column":3}}],"line":66},"20":{"loc":{"start":{"line":68,"column":9},"end":{"line":71,"column":3}},"type":"if","locations":[{"start":{"line":68,"column":9},"end":{"line":71,"column":3}},{"start":{"line":68,"column":9},"end":{"line":71,"column":3}}],"line":68},"21":{"loc":{"start":{"line":78,"column":2},"end":{"line":89,"column":3}},"type":"if","locations":[{"start":{"line":78,"column":2},"end":{"line":89,"column":3}},{"start":{"line":78,"column":2},"end":{"line":89,"column":3}}],"line":78},"22":{"loc":{"start":{"line":78,"column":7},"end":{"line":78,"column":70}},"type":"cond-expr","locations":[{"start":{"line":78,"column":40},"end":{"line":78,"column":51}},{"start":{"line":78,"column":54},"end":{"line":78,"column":70}}],"line":78}},"s":{"0":1,"1":1,"2":8,"3":0,"4":1,"5":1,"6":1,"7":1,"8":6,"9":6,"10":5,"11":5,"12":6,"13":6,"14":5,"15":6,"16":6,"17":6,"18":6,"19":6,"20":6,"21":0,"22":0,"23":0,"24":0,"25":0,"26":0,"27":0,"28":0,"29":0,"30":0,"31":0,"32":12,"33":12,"34":0,"35":0,"36":0,"37":0,"38":0,"39":0,"40":7,"41":1,"42":1,"43":1,"44":6,"45":6,"46":6,"47":6,"48":6,"49":1},"f":{"0":8,"1":0,"2":1,"3":6,"4":6,"5":12,"6":7},"b":{"0":[1,0],"1":[1,1],"2":[0,0],"3":[0,0,0,0],"4":[1,0],"5":[1,1],"6":[5,1],"7":[6,1,1],"8":[5,1],"9":[5,1],"10":[6,0],"11":[6,0],"12":[6,0,0],"13":[6,0],"14":[0,0],"15":[0,0],"16":[0,0],"17":[0,0],"18":[12,0],"19":[0,0],"20":[0,0],"21":[1,6],"22":[0,7]},"_coverageSchema":"332fd63041d2c1bcb487cc26dd0d5f7d97098a6c","hash":"aad89f1df6efcd9896475844af16d2a525c68bc8","contentHash":"1160546dbd918c812ae6249373ad8f1c_11.4.1"},"/home/ubuntu/workspace/src/dateformats.js":{"path":"/home/ubuntu/workspace/src/dateformats.js","statementMap":{"0":{"start":{"line":3,"column":0},"end":{"line":5,"column":3}},"1":{"start":{"line":6,"column":10},"end":{"line":6,"column":20}},"2":{"start":{"line":7,"column":15},"end":{"line":7,"column":32}},"3":{"start":{"line":8,"column":16},"end":{"line":8,"column":34}},"4":{"start":{"line":10,"column":18},"end":{"line":33,"column":1}},"5":{"start":{"line":35,"column":0},"end":{"line":35,"column":30}}},"fnMap":{},"branchMap":{},"s":{"0":1,"1":1,"2":1,"3":1,"4":1,"5":1},"f":{},"b":{},"_coverageSchema":"332fd63041d2c1bcb487cc26dd0d5f7d97098a6c","hash":"3e41d12d532760f1eebf24aee278baf5ef4b3f52","contentHash":"358be7eab46c17809d934d98b5f2459e_11.4.1"},"/home/ubuntu/workspace/src/preprocess.js":{"path":"/home/ubuntu/workspace/src/preprocess.js","statementMap":{"0":{"start":{"line":3,"column":0},"end":{"line":5,"column":3}},"1":{"start":{"line":10,"column":2},"end":{"line":10,"column":56}},"2":{"start":{"line":14,"column":2},"end":{"line":14,"column":54}},"3":{"start":{"line":18,"column":13},"end":{"line":18,"column":29}},"4":{"start":{"line":19,"column":2},"end":{"line":21,"column":5}},"5":{"start":{"line":20,"column":4},"end":{"line":20,"column":63}},"6":{"start":{"line":23,"column":2},"end":{"line":23,"column":13}},"7":{"start":{"line":26,"column":0},"end":{"line":26,"column":29}}},"fnMap":{"0":{"name":"replacer","decl":{"start":{"line":9,"column":9},"end":{"line":9,"column":17}},"loc":{"start":{"line":9,"column":22},"end":{"line":11,"column":1}},"line":9},"1":{"name":"fullWidthToHalf","decl":{"start":{"line":13,"column":9},"end":{"line":13,"column":24}},"loc":{"start":{"line":13,"column":33},"end":{"line":15,"column":1}},"line":13},"2":{"name":"preprocess","decl":{"start":{"line":17,"column":9},"end":{"line":17,"column":19}},"loc":{"start":{"line":17,"column":25},"end":{"line":24,"column":1}},"line":17},"3":{"name":"(anonymous_3)","decl":{"start":{"line":19,"column":15},"end":{"line":19,"column":16}},"loc":{"start":{"line":19,"column":34},"end":{"line":21,"column":3}},"line":19}},"branchMap":{},"s":{"0":1,"1":14,"2":11,"3":3,"4":3,"5":11,"6":3,"7":1},"f":{"0":14,"1":11,"2":3,"3":11},"b":{},"_coverageSchema":"332fd63041d2c1bcb487cc26dd0d5f7d97098a6c","hash":"b3ae78d7c6688793ebdc399c47289ac1f5520cfb","contentHash":"a2939c08fe0da932ab20715dc8f25426_11.4.1"}}